#
# There is insufficient memory for the Java Runtime Environment to continue.
# Native memory allocation (mmap) failed to map 65536 bytes for Failed to commit metaspace.
# Possible reasons:
#   The system is out of physical RAM or swap space
#   The process is running with CompressedOops enabled, and the Java Heap may be blocking the growth of the native heap
# Possible solutions:
#   Reduce memory load on the system
#   Increase physical memory or swap space
#   Check if swap backing store is full
#   Decrease Java heap size (-Xmx/-Xms)
#   Decrease number of Java threads
#   Decrease Java thread stack sizes (-Xss)
#   Set larger code cache with -XX:ReservedCodeCacheSize=
#   JVM is running with Unscaled Compressed Oops mode in which the Java heap is
#     placed in the first 4GB address space. The Java Heap base address is the
#     maximum limit for the native heap growth. Please use -XX:HeapBaseMinAddress
#     to set the Java Heap base and to place the Java Heap above 4GB virtual address.
# This output file may be truncated or incomplete.
#
#  Out of Memory Error (virtualSpaceNode.cpp:110), pid=10232, tid=7696
#
# JRE version: Java(TM) SE Runtime Environment (19.0.2+7) (build 19.0.2+7-44)
# Java VM: Java HotSpot(TM) 64-Bit Server VM (19.0.2+7-44, mixed mode, sharing, tiered, compressed oops, compressed class ptrs, g1 gc, windows-amd64)
# No core dump will be written. Minidumps are not enabled by default on client versions of Windows
#

---------------  S U M M A R Y ------------

Command Line: -ea -Dfile.encoding=UTF-8 org.testng.remote.RemoteTestNG -serport 54464 -protocol json -d C:\Users\Dell\eclipse-workspace\SeleniumAll\test-output C:\Users\Dell\AppData\Local\Temp\testng-eclipse-236160480\testng-customsuite.xml

Host: Intel(R) Core(TM) i3-7020U CPU @ 2.30GHz, 4 cores, 3G,  Windows 10 , 64 bit Build 19041 (10.0.19041.3031)
Time: Mon Jun 26 22:04:18 2023 India Standard Time elapsed time: 27.568393 seconds (0d 0h 0m 27s)

---------------  T H R E A D  ---------------

Current thread (0x000001c47ca25700):  JavaThread "main" [_thread_in_vm, id=7696, stack(0x000000b884300000,0x000000b884400000)]

Stack: [0x000000b884300000,0x000000b884400000]
Native frames: (J=compiled Java code, j=interpreted, Vv=VM code, C=native code)
V  [jvm.dll+0x6ee21a]
V  [jvm.dll+0x85765e]
V  [jvm.dll+0x85904e]
V  [jvm.dll+0x859703]
V  [jvm.dll+0x28298f]
V  [jvm.dll+0x8532db]
V  [jvm.dll+0x692cb6]
V  [jvm.dll+0x1f2937]
V  [jvm.dll+0x6956f2]
V  [jvm.dll+0x6954de]
V  [jvm.dll+0x6936de]
V  [jvm.dll+0x69dd07]
V  [jvm.dll+0x21e072]
V  [jvm.dll+0x21e5a5]
V  [jvm.dll+0x21ef01]
V  [jvm.dll+0x2146a1]
V  [jvm.dll+0x5a9cb6]
V  [jvm.dll+0x7cd423]
V  [jvm.dll+0x7cd504]
V  [jvm.dll+0x46ac34]
V  [jvm.dll+0x47021f]
C  [java.dll+0x17ec]

Java frames: (J=compiled Java code, j=interpreted, Vv=VM code)
J 927  java.lang.ClassLoader.defineClass1(Ljava/lang/ClassLoader;Ljava/lang/String;[BIILjava/security/ProtectionDomain;Ljava/lang/String;)Ljava/lang/Class; java.base@19.0.2 (0 bytes) @ 0x000001c40f9bea03 [0x000001c40f9be940+0x00000000000000c3]
J 1303 c1 java.lang.ClassLoader.defineClass(Ljava/lang/String;[BIILjava/security/ProtectionDomain;)Ljava/lang/Class; java.base@19.0.2 (43 bytes) @ 0x000001c4080e6ad4 [0x000001c4080e6780+0x0000000000000354]
J 1233 c1 java.security.SecureClassLoader.defineClass(Ljava/lang/String;[BIILjava/security/CodeSource;)Ljava/lang/Class; java.base@19.0.2 (16 bytes) @ 0x000001c4080ae50c [0x000001c4080ae440+0x00000000000000cc]
J 976 c1 jdk.internal.loader.BuiltinClassLoader.defineClass(Ljava/lang/String;Ljdk/internal/loader/Resource;)Ljava/lang/Class; java.base@19.0.2 (121 bytes) @ 0x000001c408039d04 [0x000001c408038da0+0x0000000000000f64]
J 917 c1 jdk.internal.loader.BuiltinClassLoader.findClassOnClassPathOrNull(Ljava/lang/String;)Ljava/lang/Class; java.base@19.0.2 (64 bytes) @ 0x000001c40801b5d4 [0x000001c40801a900+0x0000000000000cd4]
J 2844 c2 jdk.internal.loader.BuiltinClassLoader.loadClassOrNull(Ljava/lang/String;Z)Ljava/lang/Class; java.base@19.0.2 (143 bytes) @ 0x000001c40fa7f53c [0x000001c40fa7f260+0x00000000000002dc]
J 630 c1 jdk.internal.loader.ClassLoaders$AppClassLoader.loadClass(Ljava/lang/String;Z)Ljava/lang/Class; java.base@19.0.2 (40 bytes) @ 0x000001c407f8fd44 [0x000001c407f8fb60+0x00000000000001e4]
J 629 c1 java.lang.ClassLoader.loadClass(Ljava/lang/String;)Ljava/lang/Class; java.base@19.0.2 (7 bytes) @ 0x000001c407f8f84c [0x000001c407f8f740+0x000000000000010c]
v  ~StubRoutines::call_stub 0x000001c40f3d100e
j  org.apache.xmlbeans.impl.values.JavaLongHolderEx.set_text(Ljava/lang/String;)V+1
j  org.apache.xmlbeans.impl.values.XmlObjectBase.update_from_wscanon_text(Ljava/lang/String;)V+134
j  org.apache.xmlbeans.impl.values.XmlObjectBase.check_dated()V+243
j  org.apache.xmlbeans.impl.values.JavaLongHolder.getLongValue()J+1
j  org.openxmlformats.schemas.spreadsheetml.x2006.main.impl.CTSstImpl.getCount()J+40
j  org.apache.poi.xssf.model.SharedStringsTable.readFrom(Ljava/io/InputStream;)V+31
j  org.apache.poi.xssf.model.SharedStringsTable.<init>(Lorg/apache/poi/openxml4j/opc/PackagePart;)V+32
j  org.apache.poi.xssf.usermodel.XSSFRelation$$Lambda$529+0x00000008013b4b70.init(Lorg/apache/poi/openxml4j/opc/PackagePart;)Lorg/apache/poi/ooxml/POIXMLDocumentPart;+5
j  org.apache.poi.ooxml.POIXMLFactory.createDocumentPart(Lorg/apache/poi/ooxml/POIXMLDocumentPart;Lorg/apache/poi/openxml4j/opc/PackagePart;)Lorg/apache/poi/ooxml/POIXMLDocumentPart;+73
j  org.apache.poi.ooxml.POIXMLDocumentPart.read(Lorg/apache/poi/ooxml/POIXMLFactory;Ljava/util/Map;)V+236
j  org.apache.poi.ooxml.POIXMLDocument.load(Lorg/apache/poi/ooxml/POIXMLFactory;)V+11
j  org.apache.poi.xssf.usermodel.XSSFWorkbook.<init>(Lorg/apache/poi/openxml4j/opc/OPCPackage;)V+54
j  org.apache.poi.xssf.usermodel.XSSFWorkbookFactory.createWorkbook(Lorg/apache/poi/openxml4j/opc/OPCPackage;)Lorg/apache/poi/xssf/usermodel/XSSFWorkbook;+5
j  org.apache.poi.xssf.usermodel.XSSFWorkbookFactory.create(Ljava/io/InputStream;)Lorg/apache/poi/xssf/usermodel/XSSFWorkbook;+6
j  org.apache.poi.xssf.usermodel.XSSFWorkbookFactory.create(Ljava/io/InputStream;)Lorg/apache/poi/ss/usermodel/Workbook;+2
j  org.apache.poi.ss.usermodel.WorkbookFactory.lambda$create$2(Ljava/io/InputStream;Lorg/apache/poi/ss/usermodel/WorkbookProvider;)Lorg/apache/poi/ss/usermodel/Workbook;+2
j  org.apache.poi.ss.usermodel.WorkbookFactory$$Lambda$499+0x0000000801384b78.create(Lorg/apache/poi/ss/usermodel/WorkbookProvider;)Lorg/apache/poi/ss/usermodel/Workbook;+5
j  org.apache.poi.ss.usermodel.WorkbookFactory.wp(Lorg/apache/poi/poifs/filesystem/FileMagic;Lorg/apache/poi/ss/usermodel/WorkbookFactory$ProviderMethod;)Lorg/apache/poi/ss/usermodel/Workbook;+43
j  org.apache.poi.ss.usermodel.WorkbookFactory.create(Ljava/io/InputStream;Ljava/lang/String;)Lorg/apache/poi/ss/usermodel/Workbook;+59
j  org.apache.poi.ss.usermodel.WorkbookFactory.create(Ljava/io/InputStream;)Lorg/apache/poi/ss/usermodel/Workbook;+2
j  PolicyBPOMTestNgBaseClassUtilitiy.utilityClass.getTestData(II)Ljava/lang/String;+11
j  PolicyBPOMTestNgBaseClassUtilitiy.PolicyBPOMMainTestPage1.loginToApp()V+13
j  java.lang.invoke.LambdaForm$DMH+0x00000008010b8800.invokeVirtual(Ljava/lang/Object;Ljava/lang/Object;)V+10 java.base@19.0.2
j  java.lang.invoke.LambdaForm$MH+0x00000008010b9400.invoke(Ljava/lang/Object;Ljava/lang/Object;)Ljava/lang/Object;+31 java.base@19.0.2
J 1819 c1 java.lang.invoke.Invokers$Holder.invokeExact_MT(Ljava/lang/Object;Ljava/lang/Object;Ljava/lang/Object;)Ljava/lang/Object; java.base@19.0.2 (23 bytes) @ 0x000001c4081f5cf4 [0x000001c4081f56a0+0x0000000000000654]
j  jdk.internal.reflect.DirectMethodHandleAccessor.invokeImpl(Ljava/lang/Object;[Ljava/lang/Object;)Ljava/lang/Object;+41 java.base@19.0.2
j  jdk.internal.reflect.DirectMethodHandleAccessor.invoke(Ljava/lang/Object;[Ljava/lang/Object;)Ljava/lang/Object;+23 java.base@19.0.2
j  java.lang.reflect.Method.invoke(Ljava/lang/Object;[Ljava/lang/Object;)Ljava/lang/Object;+102 java.base@19.0.2
j  org.testng.internal.MethodInvocationHelper.invokeMethod(Ljava/lang/reflect/Method;Ljava/lang/Object;[Ljava/lang/Object;)Ljava/lang/Object;+258
j  org.testng.internal.MethodInvocationHelper.invokeMethodConsideringTimeout(Lorg/testng/ITestNGMethod;Lorg/testng/internal/ConstructorOrMethod;Ljava/lang/Object;[Ljava/lang/Object;Lorg/testng/ITestResult;)V+15
j  org.testng.internal.ConfigInvoker.invokeConfigurationMethod(Ljava/lang/Object;Lorg/testng/ITestNGMethod;[Ljava/lang/Object;Lorg/testng/ITestResult;)V+193
j  org.testng.internal.ConfigInvoker.invokeConfigurations(Lorg/testng/internal/ConfigMethodArguments;)V+575
j  org.testng.internal.TestInvoker.runConfigMethods(Lorg/testng/internal/TestMethodArguments;Lorg/testng/xml/XmlSuite;Lorg/testng/internal/TestResult;[Lorg/testng/ITestNGMethod;)V+66
j  org.testng.internal.TestInvoker.invokeMethod(Lorg/testng/internal/TestMethodArguments;Lorg/testng/xml/XmlSuite;Lorg/testng/internal/ITestInvoker$FailureContext;)Lorg/testng/ITestResult;+106
j  org.testng.internal.TestInvoker.invokeTestMethod(Lorg/testng/internal/TestMethodArguments;Lorg/testng/xml/XmlSuite;Lorg/testng/internal/ITestInvoker$FailureContext;)Lorg/testng/ITestResult;+16
j  org.testng.internal.MethodRunner.runInSequence(Lorg/testng/internal/TestMethodArguments;Lorg/testng/internal/ITestInvoker;Lorg/testng/ITestContext;Ljava/util/concurrent/atomic/AtomicInteger;Lorg/testng/internal/ITestInvoker$FailureContext;Ljava/util/Iterator;Z)Ljava/util/List;+127
j  org.testng.internal.TestInvoker$MethodInvocationAgent.invoke(I)I+313
j  org.testng.internal.TestInvoker.invokeTestMethods(Lorg/testng/ITestNGMethod;Lorg/testng/internal/ConfigurationGroupMethods;Ljava/lang/Object;Lorg/testng/ITestContext;)Ljava/util/List;+389
j  org.testng.internal.TestMethodWorker.invokeTestMethods(Lorg/testng/ITestNGMethod;Ljava/lang/Object;)V+14
j  org.testng.internal.TestMethodWorker.run()V+127
j  org.testng.TestRunner$$Lambda$133+0x00000008010b6f80.accept(Ljava/lang/Object;)V+7
j  java.util.ArrayList.forEach(Ljava/util/function/Consumer;)V+46 java.base@19.0.2
j  org.testng.TestRunner.privateRun(Lorg/testng/xml/XmlTest;)V+380
j  org.testng.TestRunner.run()V+25
j  org.testng.SuiteRunner.runTest(Lorg/testng/TestRunner;)V+21
j  org.testng.SuiteRunner.runSequentially()V+31
j  org.testng.SuiteRunner.privateRun()V+332
j  org.testng.SuiteRunner.run()V+6
j  org.testng.SuiteRunnerWorker.runSuite(Lorg/testng/internal/SuiteRunnerMap;Lorg/testng/xml/XmlSuite;)V+87
j  org.testng.SuiteRunnerWorker.run()V+12
j  org.testng.TestNG.runSuitesSequentially(Lorg/testng/xml/XmlSuite;Lorg/testng/internal/SuiteRunnerMap;ILjava/lang/String;)V+66
j  org.testng.TestNG.runSuitesLocally()Ljava/util/List;+156
j  org.testng.TestNG.runSuites()Ljava/util/List;+1
j  org.testng.TestNG.run()V+25
j  org.testng.remote.AbstractRemoteTestNG.run()V+149
j  org.testng.remote.RemoteTestNG.initAndRun(Lorg/testng/remote/IRemoteTestNG;[Ljava/lang/String;Lorg/testng/CommandLineArgs;Lorg/testng/remote/RemoteArgs;)V+184
j  org.testng.remote.RemoteTestNG.main([Ljava/lang/String;)V+201
v  ~StubRoutines::call_stub 0x000001c40f3d100e

Compiled method (n/a)   32667  927     n 0       java.lang.ClassLoader::defineClass1 (native)
 total in heap  [0x000001c40f9be790,0x000001c40f9bede8] = 1624
 relocation     [0x000001c40f9be8f0,0x000001c40f9be928] = 56
 main code      [0x000001c40f9be940,0x000001c40f9bede2] = 1186
 stub code      [0x000001c40f9bede2,0x000001c40f9bede8] = 6

[Constant Pool (empty)]

[MachCode]
[Entry Point]
  # {method} {0x0000000800435c20} 'defineClass1' '(Ljava/lang/ClassLoader;Ljava/lang/String;[BIILjava/security/ProtectionDomain;Ljava/lang/String;)Ljava/lang/Class;' in 'java/lang/ClassLoader'
  # parm0:    rdx:rdx   = 'java/lang/ClassLoader'
  # parm1:    r8:r8     = 'java/lang/String'
  # parm2:    r9:r9     = '[B'
  # parm3:    rdi       = int
  # parm4:    rsi       = int
  # parm5:    rcx:rcx   = 'java/security/ProtectionDomain'
  # parm6:    [sp+0xa0]   = 'java/lang/String'  (sp of caller)
  0x000001c40f9be940: 448b 5208 | 49bb 0000 | 0000 0800 | 0000 4d03 | d349 3bc2 | 0f84 0600 

  0x000001c40f9be958: ;   {runtime_call ic_miss_stub}
  0x000001c40f9be958: 0000 e921 | 2ea7 ff90 
[Verified Entry Point]
  0x000001c40f9be960: 8984 2400 | 90ff ff55 | 488b ec48 | 81ec 9000 | 0000 4881 | 7d10 0000 | 0000 488d | 4510 480f 
  0x000001c40f9be980: 4445 1048 | 8944 2440 | 4889 4c24 | 7048 83f9 | 0048 8d44 | 2470 480f | 4444 2470 | 4889 4424 
  0x000001c40f9be9a0: 3848 8974 | 2430 4889 | 7c24 284c | 894c 2458 | 4983 f900 | 488d 4424 | 5848 0f44 | 4424 5848 
  0x000001c40f9be9c0: 8944 2420 | 4c89 4424 | 5049 83f8 | 004c 8d4c | 2450 4c0f | 444c 2450 | 4889 5424 | 4848 83fa 
  0x000001c40f9be9e0: 004c 8d44 | 2448 4c0f | 4444 2448 

  0x000001c40f9be9ec: ;   {oop(a 'java/lang/Class'{0x00000000c2464fd8} = 'java/lang/ClassLoader')}
  0x000001c40f9be9ec: 49be d84f | 46c2 0000 | 0000 4c89 | 7424 784c | 8d74 2478 | 498b d6c5 

  0x000001c40f9bea04: ;   {internal_word}
  0x000001c40f9bea04: f877 49ba | 03ea 9b0f | c401 0000 | 4d89 97c8 | 0200 0049 | 89a7 c002 

  0x000001c40f9bea1c: ;   {external_word}
  0x000001c40f9bea1c: 0000 49ba | c984 bbf3 | ff7f 0000 | 4180 3a00 | 0f84 5000 | 0000 5241 

  0x000001c40f9bea34: ;   {metadata({method} {0x0000000800435c20} 'defineClass1' '(Ljava/lang/ClassLoader;Ljava/lang/String;[BIILjava/security/ProtectionDomain;Ljava/lang/String;)Ljava/lang/Class;' in 'java/lang/ClassLoader')}
  0x000001c40f9bea34: 5041 5148 | ba18 5c43 | 0008 0000 | 0049 8bcf | 4883 ec20 | 40f6 c40f | 0f84 1a00 | 0000 4883 
  0x000001c40f9bea54: ;   {runtime_call}
  0x000001c40f9bea54: ec08 49ba | d027 73f3 | ff7f 0000 | 41ff d248 | 83c4 08e9 | 0d00 0000 

  0x000001c40f9bea6c: ;   {runtime_call}
  0x000001c40f9bea6c: 49ba d027 | 73f3 ff7f | 0000 41ff | d248 83c4 | 2041 5941 | 585a 498d | 8fe0 0200 | 0041 c787 
  0x000001c40f9bea8c: 7403 0000 | 0400 0000 

  0x000001c40f9bea94: ;   {runtime_call}
  0x000001c40f9bea94: 49ba ac16 | 10f4 ff7f | 0000 41ff | d2c5 f877 | 41c7 8774 | 0300 0005 | 0000 00f0 | 8344 24c0 
  0x000001c40f9beab4: 0049 3baf | 7803 0000 | 0f87 1100 | 0000 4181 | bf70 0300 | 0000 0000 | 000f 842c | 0000 00c5 
  0x000001c40f9bead4: f877 4889 | 45f8 498b | cf4c 8be4 | 4883 ec20 | 4883 e4f0 

  0x000001c40f9beae8: ;   {runtime_call}
  0x000001c40f9beae8: 49ba 0015 | 7ef3 ff7f | 0000 41ff | d249 8be4 | 4d33 e448 | 8b45 f841 | c787 7403 | 0000 0800 
  0x000001c40f9beb08: 0000 4181 | bfe8 0300 | 0002 0000 | 000f 8499 

  0x000001c40f9beb18: ;   {external_word}
  0x000001c40f9beb18: 0200 0049 | bac9 84bb | f3ff 7f00 | 0041 803a | 000f 844e | 0000 0048 

  0x000001c40f9beb30: ;   {metadata({method} {0x0000000800435c20} 'defineClass1' '(Ljava/lang/ClassLoader;Ljava/lang/String;[BIILjava/security/ProtectionDomain;Ljava/lang/String;)Ljava/lang/Class;' in 'java/lang/ClassLoader')}
  0x000001c40f9beb30: 8945 f848 | ba18 5c43 | 0008 0000 | 0049 8bcf | 4883 ec20 | 40f6 c40f | 0f84 1a00 | 0000 4883 
  0x000001c40f9beb50: ;   {runtime_call}
  0x000001c40f9beb50: ec08 49ba | d027 73f3 | ff7f 0000 | 41ff d248 | 83c4 08e9 | 0d00 0000 

  0x000001c40f9beb68: ;   {runtime_call}
  0x000001c40f9beb68: 49ba d027 | 73f3 ff7f | 0000 41ff | d248 83c4 | 2048 8b45 | f849 c787 | c002 0000 | 0000 0000 
  0x000001c40f9beb88: 49c7 87c8 | 0200 0000 | 0000 00c5 | f877 4885 | c00f 84ef | 0100 00a8 | 010f 84e4 | 0100 0048 
  0x000001c40f9beba8: 8b40 ff41 | 807f 4000 | 0f84 d001 | 0000 4883 | f800 0f84 | c601 0000 | 498b 4f28 | 4883 f900 
  0x000001c40f9bebc8: 0f84 1400 | 0000 4883 | e908 4989 | 4f28 4903 | 4f38 4889 | 01e9 a401 | 0000 4881 | ecd0 0000 
  0x000001c40f9bebe8: 0048 8904 | 2448 894c | 2408 4889 | 5424 1048 | 8974 2418 | 4889 7c24 | 204c 8944 | 2428 4c89 
  0x000001c40f9bec08: 4c24 304c | 8954 2438 | 4c89 5c24 | 40c5 fb11 | 4424 50c5 | fb11 4c24 | 58c5 fb11 | 5424 60c5 
  0x000001c40f9bec28: fb11 5c24 | 68c5 fb11 | 6424 70c5 | fb11 6c24 | 78c5 fb11 | b424 8000 | 0000 c5fb | 11bc 2488 
  0x000001c40f9bec48: 0000 00c5 | 7b11 8424 | 9000 0000 | c57b 118c | 2498 0000 | 00c5 7b11 | 9424 a000 | 0000 c57b 
  0x000001c40f9bec68: 119c 24a8 | 0000 00c5 | 7b11 a424 | b000 0000 | c57b 11ac | 24b8 0000 | 00c5 7b11 | b424 c000 
  0x000001c40f9bec88: 0000 c57b | 11bc 24c8 | 0000 0049 | 8bd7 488b | c848 83ec | 2040 f6c4 | 0f0f 841a | 0000 0048 
  0x000001c40f9beca8: ;   {runtime_call}
  0x000001c40f9beca8: 83ec 0849 | bab0 1e30 | f3ff 7f00 | 0041 ffd2 | 4883 c408 | e90d 0000 

  0x000001c40f9becc0: ;   {runtime_call}
  0x000001c40f9becc0: 0049 bab0 | 1e30 f3ff | 7f00 0041 | ffd2 4883 | c420 c57b | 10bc 24c8 | 0000 00c5 | 7b10 b424 
  0x000001c40f9bece0: c000 0000 | c57b 10ac | 24b8 0000 | 00c5 7b10 | a424 b000 | 0000 c57b | 109c 24a8 | 0000 00c5 
  0x000001c40f9bed00: 7b10 9424 | a000 0000 | c57b 108c | 2498 0000 | 00c5 7b10 | 8424 9000 | 0000 c5fb | 10bc 2488 
  0x000001c40f9bed20: 0000 00c5 | fb10 b424 | 8000 0000 | c5fb 106c | 2478 c5fb | 1064 2470 | c5fb 105c | 2468 c5fb 
  0x000001c40f9bed40: 1054 2460 | c5fb 104c | 2458 c5fb | 1044 2450 | 4c8b 5c24 | 404c 8b54 | 2438 4c8b | 4c24 304c 
  0x000001c40f9bed60: 8b44 2428 | 488b 7c24 | 2048 8b74 | 2418 488b | 5424 1048 | 8b4c 2408 | 488b 0424 | 4881 c4d0 
  0x000001c40f9bed80: 0000 00c5 | f877 e903 | 0000 0048 | 8b00 498b | 8f50 0300 | 00c7 8100 | 0100 0000 | 0000 00c9 
  0x000001c40f9beda0: 4981 7f08 | 0000 0000 | 0f85 0100 

  0x000001c40f9bedac: ;   {runtime_call StubRoutines (1)}
  0x000001c40f9bedac: 0000 c3e9 | 4c21 a1ff | c5f8 7748 | 8945 f84c | 8be4 4883 | ec20 4883 

  0x000001c40f9bedc4: ;   {runtime_call}
  0x000001c40f9bedc4: e4f0 49ba | 305c 73f3 | ff7f 0000 | 41ff d249 | 8be4 4d33 | e448 8b45 | f8e9 39fd | ffff f4f4 
  0x000001c40f9bede4: f4f4 f4f4 
[/MachCode]


Compiled method (c1)   32744 1303       3       java.lang.ClassLoader::defineClass (43 bytes)
 total in heap  [0x000001c4080e6590,0x000001c4080e6ec8] = 2360
 relocation     [0x000001c4080e66f0,0x000001c4080e6780] = 144
 main code      [0x000001c4080e6780,0x000001c4080e6c20] = 1184
 stub code      [0x000001c4080e6c20,0x000001c4080e6c98] = 120
 metadata       [0x000001c4080e6c98,0x000001c4080e6cc8] = 48
 scopes data    [0x000001c4080e6cc8,0x000001c4080e6db8] = 240
 scopes pcs     [0x000001c4080e6db8,0x000001c4080e6e98] = 224
 dependencies   [0x000001c4080e6e98,0x000001c4080e6ea0] = 8
 nul chk table  [0x000001c4080e6ea0,0x000001c4080e6ec8] = 40

[Constant Pool (empty)]

[MachCode]
[Entry Point]
  # {method} {0x0000000800435f48} 'defineClass' '(Ljava/lang/String;[BIILjava/security/ProtectionDomain;)Ljava/lang/Class;' in 'java/lang/ClassLoader'
  # this:     rdx:rdx   = 'java/lang/ClassLoader'
  # parm0:    r8:r8     = 'java/lang/String'
  # parm1:    r9:r9     = '[B'
  # parm2:    rdi       = int
  # parm3:    rsi       = int
  # parm4:    rcx:rcx   = 'java/security/ProtectionDomain'
  #           [sp+0xc0]  (sp of caller)
  0x000001c4080e6780: 448b 5208 | 49bb 0000 | 0000 0800 | 0000 4d03 | d34c 3bd0 

  0x000001c4080e6794: ;   {runtime_call ic_miss_stub}
  0x000001c4080e6794: 0f85 e6af | 3407 660f | 1f44 0000 
[Verified Entry Point]
  0x000001c4080e67a0: 8984 2400 | 90ff ff55 | 4881 ecb0 | 0000 0048 | 8954 2478 

  0x000001c4080e67b4: ;   {metadata(method data for {method} {0x0000000800435f48} 'defineClass' '(Ljava/lang/String;[BIILjava/security/ProtectionDomain;)Ljava/lang/Class;' in 'java/lang/ClassLoader')}
  0x000001c4080e67b4: 48bb 4070 | 7c1a c401 | 0000 8b83 | cc00 0000 | 83c0 0289 | 83cc 0000 | 0025 fe07 | 0000 83f8 
  0x000001c4080e67d4: 000f 844f | 0300 0089 | b424 9400 | 0000 89bc | 2490 0000 | 004c 898c | 2488 0000 | 0048 8bda 
  0x000001c4080e67f4: ;   {metadata(method data for {method} {0x0000000800435f48} 'defineClass' '(Ljava/lang/String;[BIILjava/security/ProtectionDomain;)Ljava/lang/Class;' in 'java/lang/ClassLoader')}
  0x000001c4080e67f4: 48b8 4070 | 7c1a c401 | 0000 4883 | 8010 0100 | 0001 498b | d84c 8bc3 | 4c8b c948 | 8bca 488b 
  0x000001c4080e6814: d148 899c | 2480 0000 

  0x000001c4080e681c: ;   {optimized virtual_call}
  0x000001c4080e681c: 0066 90e8 

  0x000001c4080e6820: ; ImmutableOopMap {[120]=Oop [128]=Oop [136]=Oop }
                      ;*invokevirtual preDefineClass {reexecute=0 rethrow=0 return_oop=0}
                      ; - java.lang.ClassLoader::defineClass@4 (line 1011)
  0x000001c4080e6820: dc10 f7ff | 4889 8424 | 9800 0000 | 488b 5424 

  0x000001c4080e6830: ;   {metadata(method data for {method} {0x0000000800435f48} 'defineClass' '(Ljava/lang/String;[BIILjava/security/ProtectionDomain;)Ljava/lang/Class;' in 'java/lang/ClassLoader')}
  0x000001c4080e6830: 7849 b840 | 707c 1ac4 | 0100 0049 | 8380 4801 

  0x000001c4080e6840: ;   {metadata(method data for {method} {0x0000000800435c88} 'defineClassSourceLocation' '(Ljava/security/ProtectionDomain;)Ljava/lang/String;' in 'java/lang/ClassLoader')}
  0x000001c4080e6840: 0000 0149 | b8f8 8b7c | 1ac4 0100 | 0041 8b90 | cc00 0000 | 83c2 0241 | 8990 cc00 | 0000 81e2 
  0x000001c4080e6860: feff 1f00 | 83fa 000f | 84de 0200 | 0048 3b00 

  0x000001c4080e6870: ;   {metadata(method data for {method} {0x0000000800435c88} 'defineClassSourceLocation' '(Ljava/security/ProtectionDomain;)Ljava/lang/String;' in 'java/lang/ClassLoader')}
  0x000001c4080e6870: 4c8b c048 | baf8 8b7c | 1ac4 0100 | 0048 8382 | 1001 0000 | 0144 8b40 | 1049 83f8 

  0x000001c4080e688c: ;   {metadata(method data for {method} {0x0000000800435c88} 'defineClassSourceLocation' '(Ljava/security/ProtectionDomain;)Ljava/lang/String;' in 'java/lang/ClassLoader')}
  0x000001c4080e688c: 0048 baf8 | 8b7c 1ac4 | 0100 0048 | be58 0100 | 0000 0000 | 000f 850a | 0000 0048 | be48 0100 
  0x000001c4080e68ac: 0000 0000 | 0048 8b3c | 3248 8d7f | 0148 893c | 320f 850f 

  0x000001c4080e68c0: ;   {oop(NULL)}
  0x000001c4080e68c0: 0000 0048 | bb00 0000 | 0000 0000 | 00e9 ad01 | 0000 493b | 0049 8bd0 

  0x000001c4080e68d8: ;   {metadata(method data for {method} {0x0000000800435c88} 'defineClassSourceLocation' '(Ljava/security/ProtectionDomain;)Ljava/lang/String;' in 'java/lang/ClassLoader')}
  0x000001c4080e68d8: 48be f88b | 7c1a c401 | 0000 4883 | 8668 0100 | 0001 418b | 500c 4883 

  0x000001c4080e68f0: ;   {metadata(method data for {method} {0x0000000800435c88} 'defineClassSourceLocation' '(Ljava/security/ProtectionDomain;)Ljava/lang/String;' in 'java/lang/ClassLoader')}
  0x000001c4080e68f0: fa00 48be | f88b 7c1a | c401 0000 | 48bf b001 | 0000 0000 | 0000 0f85 | 0a00 0000 | 48bf a001 
  0x000001c4080e6910: 0000 0000 | 0000 488b | 1c3e 488d | 5b01 4889 | 1c3e 0f85 | 0f00 0000 

  0x000001c4080e6928: ;   {oop(NULL)}
  0x000001c4080e6928: 48bb 0000 | 0000 0000 | 0000 e948 

  0x000001c4080e6934: ;   {metadata(method data for {method} {0x0000000800435c88} 'defineClassSourceLocation' '(Ljava/security/ProtectionDomain;)Ljava/lang/String;' in 'java/lang/ClassLoader')}
  0x000001c4080e6934: 0100 0048 | bef8 8b7c | 1ac4 0100 | 0048 8386 | c001 0000 | 0148 3b02 

  0x000001c4080e694c: ;   {metadata(method data for {method} {0x0000000800435c88} 'defineClassSourceLocation' '(Ljava/security/ProtectionDomain;)Ljava/lang/String;' in 'java/lang/ClassLoader')}
  0x000001c4080e694c: 4c8b c248 | bef8 8b7c | 1ac4 0100 | 0048 8386 | f801 0000 

  0x000001c4080e6960: ;   {metadata(method data for {method} {0x0000000800068628} 'toString' '()Ljava/lang/String;' in 'java/net/URL')}
  0x000001c4080e6960: 0149 b8e8 | 9251 1ac4 | 0100 0041 | 8bb0 cc00 | 0000 83c6 | 0241 89b0 | cc00 0000 | 81e6 feff 
  0x000001c4080e6980: 1f00 83fe | 000f 84f0 | 0100 004c 

  0x000001c4080e698c: ;   {metadata(method data for {method} {0x0000000800068628} 'toString' '()Ljava/lang/String;' in 'java/net/URL')}
  0x000001c4080e698c: 8bc2 48be | e892 511a | c401 0000 | 4883 8610 | 0100 0001 

  0x000001c4080e69a0: ;   {metadata(method data for {method} {0x0000000800068ec0} 'toExternalForm' '()Ljava/lang/String;' in 'java/net/URL')}
  0x000001c4080e69a0: 49b8 7094 | 511a c401 | 0000 418b | b0cc 0000 | 0083 c602 | 4189 b0cc | 0000 0081 | e6fe ff1f 
  0x000001c4080e69c0: 0083 fe00 | 0f84 d201 | 0000 8b72 | 3848 3b06 

  0x000001c4080e69d0: ;   {metadata(method data for {method} {0x0000000800068ec0} 'toExternalForm' '()Ljava/lang/String;' in 'java/net/URL')}
  0x000001c4080e69d0: 4c8b c648 | bf70 9451 | 1ac4 0100 | 0045 8b40 | 0849 ba00 | 0000 0008 | 0000 004d | 03c2 4c3b 
  0x000001c4080e69f0: 8720 0100 | 0075 0d48 | 8387 2801 | 0000 01e9 | 6600 0000 | 4c3b 8730 | 0100 0075 | 0d48 8387 
  0x000001c4080e6a10: 3801 0000 | 01e9 5000 | 0000 4881 | bf20 0100 | 0000 0000 | 0075 174c | 8987 2001 | 0000 48c7 
  0x000001c4080e6a30: 8728 0100 | 0001 0000 | 00e9 2c00 | 0000 4881 | bf30 0100 | 0000 0000 | 0075 174c | 8987 3001 
  0x000001c4080e6a50: 0000 48c7 | 8738 0100 | 0001 0000 | 00e9 0800 | 0000 4883 | 8710 0100 | 0001 4c8b | c248 8bd6 
  0x000001c4080e6a70: 0f1f 8000 

  0x000001c4080e6a74: ;   {optimized virtual_call}
  0x000001c4080e6a74: 0000 00e8 

  0x000001c4080e6a78: ; ImmutableOopMap {[120]=Oop [128]=Oop [136]=Oop [152]=Oop }
                      ;*invokevirtual toExternalForm {reexecute=0 rethrow=0 return_oop=0}
                      ; - java.net.URL::toExternalForm@5 (line 1040)
                      ; - java.net.URL::toString@1 (line 1026)
                      ; - java.lang.ClassLoader::defineClassSourceLocation@22 (line 913)
                      ; - java.lang.ClassLoader::defineClass@12 (line 1012)
  0x000001c4080e6a78: 0412 f4ff | 488b d848 | 8b84 2498 | 0000 008b | b424 9400 | 0000 8bbc | 2490 0000 | 004c 8b8c 
  0x000001c4080e6a98: 2488 0000 | 004c 8b84 | 2480 0000 | 0048 8b54 

  0x000001c4080e6aa8: ;   {metadata(method data for {method} {0x0000000800435f48} 'defineClass' '(Ljava/lang/String;[BIILjava/security/ProtectionDomain;)Ljava/lang/Class;' in 'java/lang/ClassLoader')}
  0x000001c4080e6aa8: 2478 48b9 | 4070 7c1a | c401 0000 | 4883 8180 | 0100 0001 | 4c8b da49 | 8bd3 488b | c848 891c 
  0x000001c4080e6ac8: 2466 0f1f 

  0x000001c4080e6acc: ;   {static_call}
  0x000001c4080e6acc: 4400 00e8 

  0x000001c4080e6ad0: ; ImmutableOopMap {[120]=Oop [152]=Oop }
                      ;*invokestatic defineClass1 {reexecute=0 rethrow=0 return_oop=0}
                      ; - java.lang.ClassLoader::defineClass@27 (line 1013)
  0x000001c4080e6ad0: 8c7e 8d07 | 488b 5424 

  0x000001c4080e6ad8: ;   {metadata(method data for {method} {0x0000000800435f48} 'defineClass' '(Ljava/lang/String;[BIILjava/security/ProtectionDomain;)Ljava/lang/Class;' in 'java/lang/ClassLoader')}
  0x000001c4080e6ad8: 7849 b840 | 707c 1ac4 | 0100 0049 | 8380 9001 | 0000 014c | 8bc0 4c8b | 8c24 9800 | 0000 488b 
  0x000001c4080e6af8: 5424 7848 | 8984 24a0 | 0000 000f 

  0x000001c4080e6b04: ;   {optimized virtual_call}
  0x000001c4080e6b04: 1f40 00e8 

  0x000001c4080e6b08: ; ImmutableOopMap {[160]=Oop }
                      ;*invokevirtual postDefineClass {reexecute=0 rethrow=0 return_oop=0}
                      ; - java.lang.ClassLoader::defineClass@37 (line 1014)
  0x000001c4080e6b08: 14ad fcff | 488b 8424 | a000 0000 | 4881 c4b0 | 0000 005d 

  0x000001c4080e6b1c: ;   {poll_return}
  0x000001c4080e6b1c: 493b a778 | 0300 000f | 8799 0000 

  0x000001c4080e6b28: ;   {metadata({method} {0x0000000800435f48} 'defineClass' '(Ljava/lang/String;[BIILjava/security/ProtectionDomain;)Ljava/lang/Class;' in 'java/lang/ClassLoader')}
  0x000001c4080e6b28: 00c3 49ba | 405f 4300 | 0800 0000 | 4c89 5424 | 0848 c704 | 24ff ffff 

  0x000001c4080e6b40: ;   {runtime_call counter_overflow Runtime1 stub}
  0x000001c4080e6b40: ffe8 ba7f 

  0x000001c4080e6b44: ; ImmutableOopMap {rdx=Oop r8=Oop r9=Oop rcx=Oop [120]=Oop }
                      ;*synchronization entry
                      ; - java.lang.ClassLoader::defineClass@-1 (line 1011)
  0x000001c4080e6b44: 3f07 e990 

  0x000001c4080e6b48: ;   {metadata({method} {0x0000000800435c88} 'defineClassSourceLocation' '(Ljava/security/ProtectionDomain;)Ljava/lang/String;' in 'java/lang/ClassLoader')}
  0x000001c4080e6b48: fcff ff49 | ba80 5c43 | 0008 0000 | 004c 8954 | 2408 48c7 | 0424 ffff 

  0x000001c4080e6b60: ;   {runtime_call counter_overflow Runtime1 stub}
  0x000001c4080e6b60: ffff e899 

  0x000001c4080e6b64: ; ImmutableOopMap {rax=Oop [120]=Oop [128]=Oop [136]=Oop [152]=Oop }
                      ;*synchronization entry
                      ; - java.lang.ClassLoader::defineClassSourceLocation@-1 (line 910)
                      ; - java.lang.ClassLoader::defineClass@12 (line 1012)
  0x000001c4080e6b64: 7f3f 07e9 | 01fd ffff 

  0x000001c4080e6b6c: ;   {runtime_call throw_null_pointer_exception Runtime1 stub}
  0x000001c4080e6b6c: e8af 2b3f 

  0x000001c4080e6b70: ; ImmutableOopMap {rax=Oop [120]=Oop [128]=Oop [136]=Oop [152]=Oop }
                      ;*invokevirtual getCodeSource {reexecute=0 rethrow=0 return_oop=0}
                      ; - java.lang.ClassLoader::defineClassSourceLocation@1 (line 910)
                      ; - java.lang.ClassLoader::defineClass@12 (line 1012)
                      ;   {runtime_call throw_null_pointer_exception Runtime1 stub}
  0x000001c4080e6b70: 07e8 aa2b 

  0x000001c4080e6b74: ; ImmutableOopMap {rax=Oop r8=Oop [120]=Oop [128]=Oop [136]=Oop [152]=Oop }
                      ;*invokevirtual getLocation {reexecute=0 rethrow=0 return_oop=0}
                      ; - java.lang.ClassLoader::defineClassSourceLocation@12 (line 912)
                      ; - java.lang.ClassLoader::defineClass@12 (line 1012)
                      ;   {runtime_call throw_null_pointer_exception Runtime1 stub}
  0x000001c4080e6b74: 3f07 e8a5 

  0x000001c4080e6b78: ; ImmutableOopMap {rdx=Oop [120]=Oop [128]=Oop [136]=Oop [152]=Oop }
                      ;*invokevirtual toString {reexecute=0 rethrow=0 return_oop=0}
                      ; - java.lang.ClassLoader::defineClassSourceLocation@22 (line 913)
                      ; - java.lang.ClassLoader::defineClass@12 (line 1012)
                      ;   {metadata({method} {0x0000000800068628} 'toString' '()Ljava/lang/String;' in 'java/net/URL')}
  0x000001c4080e6b78: 2b3f 0749 | ba20 8606 | 0008 0000 | 004c 8954 | 2408 48c7 | 0424 ffff 

  0x000001c4080e6b90: ;   {runtime_call counter_overflow Runtime1 stub}
  0x000001c4080e6b90: ffff e869 

  0x000001c4080e6b94: ; ImmutableOopMap {rdx=Oop [120]=Oop [128]=Oop [136]=Oop [152]=Oop }
                      ;*synchronization entry
                      ; - java.net.URL::toString@-1 (line 1026)
                      ; - java.lang.ClassLoader::defineClassSourceLocation@22 (line 913)
                      ; - java.lang.ClassLoader::defineClass@12 (line 1012)
  0x000001c4080e6b94: 7f3f 07e9 | effd ffff 

  0x000001c4080e6b9c: ;   {metadata({method} {0x0000000800068ec0} 'toExternalForm' '()Ljava/lang/String;' in 'java/net/URL')}
  0x000001c4080e6b9c: 49ba b88e | 0600 0800 | 0000 4c89 | 5424 0848 | c704 24ff 

  0x000001c4080e6bb0: ;   {runtime_call counter_overflow Runtime1 stub}
  0x000001c4080e6bb0: ffff ffe8 

  0x000001c4080e6bb4: ; ImmutableOopMap {rdx=Oop [120]=Oop [128]=Oop [136]=Oop [152]=Oop }
                      ;*synchronization entry
                      ; - java.net.URL::toExternalForm@-1 (line 1040)
                      ; - java.net.URL::toString@1 (line 1026)
                      ; - java.lang.ClassLoader::defineClassSourceLocation@22 (line 913)
                      ; - java.lang.ClassLoader::defineClass@12 (line 1012)
  0x000001c4080e6bb4: 487f 3f07 | e90d feff 

  0x000001c4080e6bbc: ;   {runtime_call throw_null_pointer_exception Runtime1 stub}
  0x000001c4080e6bbc: ffe8 5e2b 

  0x000001c4080e6bc0: ; ImmutableOopMap {rdx=Oop rsi=Oop [120]=Oop [128]=Oop [136]=Oop [152]=Oop }
                      ;*invokevirtual toExternalForm {reexecute=0 rethrow=0 return_oop=0}
                      ; - java.net.URL::toExternalForm@5 (line 1040)
                      ; - java.net.URL::toString@1 (line 1026)
                      ; - java.lang.ClassLoader::defineClassSourceLocation@22 (line 913)
                      ; - java.lang.ClassLoader::defineClass@12 (line 1012)
                      ;   {internal_word}
  0x000001c4080e6bc0: 3f07 49ba | 1c6b 0e08 | c401 0000 | 4d89 9790 

  0x000001c4080e6bd0: ;   {runtime_call SafepointBlob}
  0x000001c4080e6bd0: 0300 00e9 | 2812 3507 | 498b 8720 | 0400 0049 | c787 2004 | 0000 0000 | 0000 49c7 | 8728 0400 
  0x000001c4080e6bf0: 0000 0000 | 0048 81c4 | b000 0000 

  0x000001c4080e6bfc: ;   {runtime_call unwind_exception Runtime1 stub}
  0x000001c4080e6bfc: 5de9 7e4e | 3607 f4f4 | f4f4 f4f4 | f4f4 f4f4 | f4f4 f4f4 | f4f4 f4f4 | f4f4 f4f4 | f4f4 f4f4 
  0x000001c4080e6c1c: f4f4 f4f4 
[Stub Code]
  0x000001c4080e6c20: ;   {no_reloc}
  0x000001c4080e6c20: 0f1f 4400 

  0x000001c4080e6c24: ;   {static_stub}
  0x000001c4080e6c24: 0048 bb00 | 0000 0000 

  0x000001c4080e6c2c: ;   {runtime_call}
  0x000001c4080e6c2c: 0000 00e9 | fbff ffff 

  0x000001c4080e6c34: ;   {static_stub}
  0x000001c4080e6c34: 9048 bb00 | 0000 0000 

  0x000001c4080e6c3c: ;   {runtime_call}
  0x000001c4080e6c3c: 0000 00e9 | fbff ffff 

  0x000001c4080e6c44: ;   {static_stub}
  0x000001c4080e6c44: 9048 bb00 | 0000 0000 

  0x000001c4080e6c4c: ;   {runtime_call}
  0x000001c4080e6c4c: 0000 00e9 | fbff ffff 

  0x000001c4080e6c54: ;   {static_stub}
  0x000001c4080e6c54: 9048 bb00 | 0000 0000 

  0x000001c4080e6c5c: ;   {runtime_call}
  0x000001c4080e6c5c: 0000 00e9 | fbff ffff 
[Exception Handler]
  0x000001c4080e6c64: ;   {runtime_call handle_exception_from_callee Runtime1 stub}
  0x000001c4080e6c64: e897 483f 

  0x000001c4080e6c68: ;   {external_word}
  0x000001c4080e6c68: 0748 b928 | 4994 f3ff | 7f00 0048 

  0x000001c4080e6c74: ;   {runtime_call}
  0x000001c4080e6c74: 83e4 f049 | bab0 f85f | f3ff 7f00 | 0041 ffd2 

  0x000001c4080e6c84: ;   {section_word}
  0x000001c4080e6c84: f449 ba85 | 6c0e 08c4 | 0100 0041 

  0x000001c4080e6c90: ;   {runtime_call DeoptimizationBlob}
  0x000001c4080e6c90: 52e9 0a04 | 3507 f4f4 
[/MachCode]


Compiled method (c1)   32860 1233       3       java.security.SecureClassLoader::defineClass (16 bytes)
 total in heap  [0x000001c4080ae290,0x000001c4080ae680] = 1008
 relocation     [0x000001c4080ae3f0,0x000001c4080ae438] = 72
 main code      [0x000001c4080ae440,0x000001c4080ae580] = 320
 stub code      [0x000001c4080ae580,0x000001c4080ae5d8] = 88
 metadata       [0x000001c4080ae5d8,0x000001c4080ae5e0] = 8
 scopes data    [0x000001c4080ae5e0,0x000001c4080ae628] = 72
 scopes pcs     [0x000001c4080ae628,0x000001c4080ae678] = 80
 dependencies   [0x000001c4080ae678,0x000001c4080ae680] = 8

[Constant Pool (empty)]

[MachCode]
[Entry Point]
  # {method} {0x0000000800066b18} 'defineClass' '(Ljava/lang/String;[BIILjava/security/CodeSource;)Ljava/lang/Class;' in 'java/security/SecureClassLoader'
  # this:     rdx:rdx   = 'java/security/SecureClassLoader'
  # parm0:    r8:r8     = 'java/lang/String'
  # parm1:    r9:r9     = '[B'
  # parm2:    rdi       = int
  # parm3:    rsi       = int
  # parm4:    rcx:rcx   = 'java/security/CodeSource'
  #           [sp+0x80]  (sp of caller)
  0x000001c4080ae440: 448b 5208 | 49bb 0000 | 0000 0800 | 0000 4d03 | d34c 3bd0 

  0x000001c4080ae454: ;   {runtime_call ic_miss_stub}
  0x000001c4080ae454: 0f85 2633 | 3807 660f | 1f44 0000 
[Verified Entry Point]
  0x000001c4080ae460: 8984 2400 | 90ff ff55 | 4883 ec70 

  0x000001c4080ae46c: ;   {metadata(method data for {method} {0x0000000800066b18} 'defineClass' '(Ljava/lang/String;[BIILjava/security/CodeSource;)Ljava/lang/Class;' in 'java/security/SecureClassLoader')}
  0x000001c4080ae46c: 48bb 7073 | 751a c401 | 0000 8b83 | cc00 0000 | 83c0 0289 | 83cc 0000 | 0025 fe07 | 0000 83f8 
  0x000001c4080ae48c: 000f 848c | 0000 0089 | 7424 5c89 | 7c24 584c | 894c 2450 | 4c89 4424 | 4848 8bda 

  0x000001c4080ae4a8: ;   {metadata(method data for {method} {0x0000000800066b18} 'defineClass' '(Ljava/lang/String;[BIILjava/security/CodeSource;)Ljava/lang/Class;' in 'java/security/SecureClassLoader')}
  0x000001c4080ae4a8: 48b8 7073 | 751a c401 | 0000 4883 | 8010 0100 | 0001 4c8b | c148 8bc2 | 488b d048 | 8944 2440 
  0x000001c4080ae4c8: 0f1f 8000 

  0x000001c4080ae4cc: ;   {optimized virtual_call}
  0x000001c4080ae4cc: 0000 00e8 

  0x000001c4080ae4d0: ; ImmutableOopMap {[64]=Oop [72]=Oop [80]=Oop }
                      ;*invokevirtual getProtectionDomain {reexecute=0 rethrow=0 return_oop=0}
                      ; - java.security.SecureClassLoader::defineClass@9 (line 150)
  0x000001c4080ae4d0: 4c7b faff | 488b 5424 

  0x000001c4080ae4d8: ;   {metadata(method data for {method} {0x0000000800066b18} 'defineClass' '(Ljava/lang/String;[BIILjava/security/CodeSource;)Ljava/lang/Class;' in 'java/security/SecureClassLoader')}
  0x000001c4080ae4d8: 4049 b870 | 7375 1ac4 | 0100 0049 | 8380 4801 | 0000 014c | 8b44 2448 | 4c8b 4c24 | 508b 7c24 
  0x000001c4080ae4f8: 588b 7424 | 5c48 8bc8 | 488b 5424 

  0x000001c4080ae504: ;   {optimized virtual_call}
  0x000001c4080ae504: 4066 90e8 

  0x000001c4080ae508: ; ImmutableOopMap {}
                      ;*invokevirtual defineClass {reexecute=0 rethrow=0 return_oop=0}
                      ; - java.security.SecureClassLoader::defineClass@12 (line 150)
  0x000001c4080ae508: 9482 0300 | 4883 c470 

  0x000001c4080ae510: ;   {poll_return}
  0x000001c4080ae510: 5d49 3ba7 | 7803 0000 | 0f87 2200 

  0x000001c4080ae51c: ;   {metadata({method} {0x0000000800066b18} 'defineClass' '(Ljava/lang/String;[BIILjava/security/CodeSource;)Ljava/lang/Class;' in 'java/security/SecureClassLoader')}
  0x000001c4080ae51c: 0000 c349 | ba10 6b06 | 0008 0000 | 004c 8954 | 2408 48c7 | 0424 ffff 

  0x000001c4080ae534: ;   {runtime_call counter_overflow Runtime1 stub}
  0x000001c4080ae534: ffff e8c5 

  0x000001c4080ae538: ; ImmutableOopMap {rdx=Oop r8=Oop r9=Oop rcx=Oop }
                      ;*synchronization entry
                      ; - java.security.SecureClassLoader::defineClass@-1 (line 150)
  0x000001c4080ae538: 0543 07e9 | 53ff ffff 

  0x000001c4080ae540: ;   {internal_word}
  0x000001c4080ae540: 49ba 11e5 | 0a08 c401 | 0000 4d89 | 9790 0300 

  0x000001c4080ae550: ;   {runtime_call SafepointBlob}
  0x000001c4080ae550: 00e9 aa98 | 3807 498b | 8720 0400 | 0049 c787 | 2004 0000 | 0000 0000 | 49c7 8728 | 0400 0000 
  0x000001c4080ae570: 0000 0048 | 83c4 705d 

  0x000001c4080ae578: ;   {runtime_call unwind_exception Runtime1 stub}
  0x000001c4080ae578: e903 d539 | 07f4 f4f4 
[Stub Code]
  0x000001c4080ae580: ;   {no_reloc}
  0x000001c4080ae580: 0f1f 4400 

  0x000001c4080ae584: ;   {static_stub}
  0x000001c4080ae584: 0048 bb00 | 0000 0000 

  0x000001c4080ae58c: ;   {runtime_call}
  0x000001c4080ae58c: 0000 00e9 | fbff ffff 

  0x000001c4080ae594: ;   {static_stub}
  0x000001c4080ae594: 9048 bb40 | 5f43 0008 

  0x000001c4080ae59c: ;   {runtime_call I2C/C2I adapters}
  0x000001c4080ae59c: 0000 00e9 | 4797 3707 
[Exception Handler]
  0x000001c4080ae5a4: ;   {runtime_call handle_exception_from_callee Runtime1 stub}
  0x000001c4080ae5a4: e857 cf42 

  0x000001c4080ae5a8: ;   {external_word}
  0x000001c4080ae5a8: 0748 b928 | 4994 f3ff | 7f00 0048 

  0x000001c4080ae5b4: ;   {runtime_call}
  0x000001c4080ae5b4: 83e4 f049 | bab0 f85f | f3ff 7f00 | 0041 ffd2 

  0x000001c4080ae5c4: ;   {section_word}
  0x000001c4080ae5c4: f449 bac5 | e50a 08c4 | 0100 0041 

  0x000001c4080ae5d0: ;   {runtime_call DeoptimizationBlob}
  0x000001c4080ae5d0: 52e9 ca8a | 3807 f4f4 
[/MachCode]


---------------  P R O C E S S  ---------------

Threads class SMR info:
_java_thread_list=0x000001c41fd53d70, length=24, elements={
0x000001c47ca25700, 0x000001c41a27dfa0, 0x000001c41a27f6d0, 0x000001c41a2845a0,
0x000001c41a282360, 0x000001c41a282e30, 0x000001c41a287e30, 0x000001c41a289d80,
0x000001c41a2996d0, 0x000001c41a2aa570, 0x000001c41e57b4a0, 0x000001c41e588080,
0x000001c41eb19f90, 0x000001c41ea90090, 0x000001c41ea4b460, 0x000001c41e595a10,
0x000001c41faad450, 0x000001c41faad990, 0x000001c41fa05040, 0x000001c41f837410,
0x000001c41f837960, 0x000001c41f836ec0, 0x000001c41f836420, 0x000001c41e6cfea0
}

Java Threads: ( => current thread )
=>0x000001c47ca25700 JavaThread "main" [_thread_in_vm, id=7696, stack(0x000000b884300000,0x000000b884400000)]
  0x000001c41a27dfa0 JavaThread "Reference Handler" daemon [_thread_blocked, id=12812, stack(0x000000b884a00000,0x000000b884b00000)]
  0x000001c41a27f6d0 JavaThread "Finalizer" daemon [_thread_blocked, id=5708, stack(0x000000b884b00000,0x000000b884c00000)]
  0x000001c41a2845a0 JavaThread "Signal Dispatcher" daemon [_thread_blocked, id=4044, stack(0x000000b884c00000,0x000000b884d00000)]
  0x000001c41a282360 JavaThread "Attach Listener" daemon [_thread_blocked, id=2380, stack(0x000000b884d00000,0x000000b884e00000)]
  0x000001c41a282e30 JavaThread "Service Thread" daemon [_thread_blocked, id=8828, stack(0x000000b884e00000,0x000000b884f00000)]
  0x000001c41a287e30 JavaThread "Monitor Deflation Thread" daemon [_thread_blocked, id=9620, stack(0x000000b884f00000,0x000000b885000000)]
  0x000001c41a289d80 JavaThread "C2 CompilerThread0" daemon [_thread_blocked, id=9676, stack(0x000000b885000000,0x000000b885100000)]
  0x000001c41a2996d0 JavaThread "C1 CompilerThread0" daemon [_thread_blocked, id=5936, stack(0x000000b885100000,0x000000b885200000)]
  0x000001c41a2aa570 JavaThread "Sweeper thread" daemon [_thread_blocked, id=7724, stack(0x000000b885200000,0x000000b885300000)]
  0x000001c41e57b4a0 JavaThread "Notification Thread" daemon [_thread_blocked, id=3108, stack(0x000000b885300000,0x000000b885400000)]
  0x000001c41e588080 JavaThread "Common-Cleaner" daemon [_thread_blocked, id=1852, stack(0x000000b885500000,0x000000b885600000)]
  0x000001c41eb19f90 JavaThread "ReaderThread" [_thread_in_native, id=2592, stack(0x000000b885700000,0x000000b885800000)]
  0x000001c41ea90090 JavaThread "ForkJoinPool.commonPool-worker-1" daemon [_thread_blocked, id=7336, stack(0x000000b885b00000,0x000000b885c00000)]
  0x000001c41ea4b460 JavaThread "AsyncHttpClient-1-1" daemon [_thread_blocked, id=9832, stack(0x000000b885c00000,0x000000b885d00000)]
  0x000001c41e595a10 JavaThread "Exec Default Executor" daemon [_thread_in_native, id=11456, stack(0x000000b885d00000,0x000000b885e00000)]
  0x000001c41faad450 JavaThread "Exec Stream Pumper" daemon [_thread_in_native, id=7548, stack(0x000000b885e00000,0x000000b885f00000)]
  0x000001c41faad990 JavaThread "Exec Stream Pumper" daemon [_thread_in_native, id=10332, stack(0x000000b885f00000,0x000000b886000000)]
  0x000001c41fa05040 JavaThread "Driver Service Executor" daemon [_thread_blocked, id=12564, stack(0x000000b886000000,0x000000b886100000)]
  0x000001c41f837410 JavaThread "Driver Service Executor" daemon [_thread_blocked, id=8944, stack(0x000000b886100000,0x000000b886200000)]
  0x000001c41f837960 JavaThread "UrlChecker-2" daemon [_thread_blocked, id=12616, stack(0x000000b886200000,0x000000b886300000)]
  0x000001c41f836ec0 JavaThread "AsyncHttpClient-1-2" daemon [_thread_in_native, id=9980, stack(0x000000b886400000,0x000000b886500000)]
  0x000001c41f836420 JavaThread "AsyncHttpClient-1-3" daemon [_thread_in_native, id=12176, stack(0x000000b886300000,0x000000b886400000)]
  0x000001c41e6cfea0 JavaThread "AsyncHttpClient-1-4" daemon [_thread_in_native, id=11780, stack(0x000000b886500000,0x000000b886600000)]

Other Threads:
  0x000001c47cae76a0 VMThread "VM Thread" [stack: 0x000000b884900000,0x000000b884a00000] [id=5384] _threads_hazard_ptr=0x000001c41fd53d70
  0x000001c41e583e10 WatcherThread "VM Periodic Task Thread" [stack: 0x000000b885400000,0x000000b885500000] [id=10216]
  0x000001c47ca66b90 WorkerThread "GC Thread#0" [stack: 0x000000b884400000,0x000000b884500000] [id=13776]
  0x000001c41eb84c10 WorkerThread "GC Thread#1" [stack: 0x000000b885800000,0x000000b885900000] [id=13028]
  0x000001c41eb82460 WorkerThread "GC Thread#2" [stack: 0x000000b885900000,0x000000b885a00000] [id=7588]
  0x000001c41eb82730 WorkerThread "GC Thread#3" [stack: 0x000000b885a00000,0x000000b885b00000] [id=9872]
  0x000001c47ca70030 ConcurrentGCThread "G1 Main Marker" [stack: 0x000000b884500000,0x000000b884600000] [id=8404]
  0x000001c47ca713a0 WorkerThread "G1 Conc#0" [stack: 0x000000b884600000,0x000000b884700000] [id=9468]
  0x000001c47cac3770 ConcurrentGCThread "G1 Refine#0" [stack: 0x000000b884700000,0x000000b884800000] [id=5820]
  0x000001c47cac52c0 ConcurrentGCThread "G1 Service" [stack: 0x000000b884800000,0x000000b884900000] [id=7992]

Threads with active compile tasks:

VM state: synchronizing (normal execution)

VM Mutex/Monitor currently owned by a thread:  ([mutex/lock_event])
[0x000001c47ca20030] Metaspace_lock - owner thread: 0x000001c47ca25700
[0x000001c47ca22990] Threads_lock - owner thread: 0x000001c47cae76a0

Heap address: 0x00000000c2000000, size: 992 MB, Compressed Oops mode: 32-bit

CDS archive(s) mapped at: [0x0000000800000000-0x0000000800c40000-0x0000000800c40000), size 12845056, SharedBaseAddress: 0x0000000800000000, ArchiveRelocationMode: 0.
Compressed class space mapped at: 0x0000000801000000-0x0000000841000000, reserved size: 1073741824
Narrow klass base: 0x0000000800000000, Narrow klass shift: 0, Narrow klass range: 0x100000000

GC Precious Log:
 CardTable entry size: 512
 Card Set container configuration: InlinePtr #cards 5 size 8 Array Of Cards #cards 12 size 40 Howl #buckets 4 coarsen threshold 1843 Howl Bitmap #cards 512 size 80 coarsen threshold 460 Card regions per heap region 1 cards per card region 2048
 CPUs: 4 total, 4 available
 Memory: 3961M
 Large Page Support: Disabled
 NUMA Support: Disabled
 Compressed Oops: Enabled (32-bit)
 Heap Region Size: 1M
 Heap Min Capacity: 8M
 Heap Initial Capacity: 62M
 Heap Max Capacity: 992M
 Pre-touch: Disabled
 Parallel Workers: 4
 Concurrent Workers: 1
 Concurrent Refinement Workers: 4
 Periodic GC: Disabled

Heap:
 garbage-first heap   total 51200K, used 22243K [0x00000000c2000000, 0x0000000100000000)
  region size 1024K, 4 young (4096K), 2 survivors (2048K)
 Metaspace       used 32592K, committed 32896K, reserved 1114112K
  class space    used 3943K, committed 4096K, reserved 1048576K

Heap Regions: E=young(eden), S=young(survivor), O=old, HS=humongous(starts), HC=humongous(continues), CS=collection set, F=free, OA=open archive, CA=closed archive, TAMS=top-at-mark-start (previous, next)
|   0|0x00000000c2000000, 0x00000000c2100000, 0x00000000c2100000|100%| O|  |TAMS 0x00000000c2100000, 0x00000000c2000000| Untracked 
|   1|0x00000000c2100000, 0x00000000c2200000, 0x00000000c2200000|100%| O|  |TAMS 0x00000000c2200000, 0x00000000c2100000| Untracked 
|   2|0x00000000c2200000, 0x00000000c2300000, 0x00000000c2300000|100%| O|  |TAMS 0x00000000c2300000, 0x00000000c2200000| Untracked 
|   3|0x00000000c2300000, 0x00000000c2400000, 0x00000000c2400000|100%| O|  |TAMS 0x00000000c2400000, 0x00000000c2300000| Untracked 
|   4|0x00000000c2400000, 0x00000000c2500000, 0x00000000c2500000|100%| O|  |TAMS 0x00000000c2500000, 0x00000000c2400000| Untracked 
|   5|0x00000000c2500000, 0x00000000c2600000, 0x00000000c2600000|100%| O|  |TAMS 0x00000000c2600000, 0x00000000c2500000| Untracked 
|   6|0x00000000c2600000, 0x00000000c2700000, 0x00000000c2700000|100%| O|  |TAMS 0x00000000c2638000, 0x00000000c2600000| Untracked 
|   7|0x00000000c2700000, 0x00000000c2800000, 0x00000000c2800000|100%| O|  |TAMS 0x00000000c2700000, 0x00000000c2700000| Untracked 
|   8|0x00000000c2800000, 0x00000000c28f2e00, 0x00000000c2900000| 94%| O|  |TAMS 0x00000000c2800000, 0x00000000c2800000| Untracked 
|   9|0x00000000c2900000, 0x00000000c2a00000, 0x00000000c2a00000|100%|HS|  |TAMS 0x00000000c2900000, 0x00000000c2900000| Complete 
|  10|0x00000000c2a00000, 0x00000000c2b00000, 0x00000000c2b00000|100%|HC|  |TAMS 0x00000000c2a00000, 0x00000000c2a00000| Complete 
|  11|0x00000000c2b00000, 0x00000000c2c00000, 0x00000000c2c00000|100%|HC|  |TAMS 0x00000000c2b00000, 0x00000000c2b00000| Complete 
|  12|0x00000000c2c00000, 0x00000000c2d00000, 0x00000000c2d00000|100%|HC|  |TAMS 0x00000000c2c00000, 0x00000000c2c00000| Complete 
|  13|0x00000000c2d00000, 0x00000000c2e00000, 0x00000000c2e00000|100%|HC|  |TAMS 0x00000000c2d00000, 0x00000000c2d00000| Complete 
|  14|0x00000000c2e00000, 0x00000000c2f00000, 0x00000000c2f00000|100%| O|  |TAMS 0x00000000c2e00000, 0x00000000c2e00000| Untracked 
|  15|0x00000000c2f00000, 0x00000000c2fe4e00, 0x00000000c3000000| 89%| O|  |TAMS 0x00000000c2f00000, 0x00000000c2f00000| Untracked 
|  16|0x00000000c3000000, 0x00000000c3000000, 0x00000000c3100000|  0%| F|  |TAMS 0x00000000c3000000, 0x00000000c3000000| Untracked 
|  17|0x00000000c3100000, 0x00000000c3100000, 0x00000000c3200000|  0%| F|  |TAMS 0x00000000c3100000, 0x00000000c3100000| Untracked 
|  18|0x00000000c3200000, 0x00000000c3200000, 0x00000000c3300000|  0%| F|  |TAMS 0x00000000c3200000, 0x00000000c3200000| Untracked 
|  19|0x00000000c3300000, 0x00000000c3300000, 0x00000000c3400000|  0%| F|  |TAMS 0x00000000c3300000, 0x00000000c3300000| Untracked 
|  20|0x00000000c3400000, 0x00000000c3400000, 0x00000000c3500000|  0%| F|  |TAMS 0x00000000c3400000, 0x00000000c3400000| Untracked 
|  21|0x00000000c3500000, 0x00000000c3500000, 0x00000000c3600000|  0%| F|  |TAMS 0x00000000c3500000, 0x00000000c3500000| Untracked 
|  22|0x00000000c3600000, 0x00000000c3600000, 0x00000000c3700000|  0%| F|  |TAMS 0x00000000c3600000, 0x00000000c3600000| Untracked 
|  23|0x00000000c3700000, 0x00000000c3700000, 0x00000000c3800000|  0%| F|  |TAMS 0x00000000c3700000, 0x00000000c3700000| Untracked 
|  24|0x00000000c3800000, 0x00000000c3800000, 0x00000000c3900000|  0%| F|  |TAMS 0x00000000c3800000, 0x00000000c3800000| Untracked 
|  25|0x00000000c3900000, 0x00000000c3900000, 0x00000000c3a00000|  0%| F|  |TAMS 0x00000000c3900000, 0x00000000c3900000| Untracked 
|  26|0x00000000c3a00000, 0x00000000c3ae1268, 0x00000000c3b00000| 87%| S|CS|TAMS 0x00000000c3a00000, 0x00000000c3a00000| Complete 
|  27|0x00000000c3b00000, 0x00000000c3c00000, 0x00000000c3c00000|100%| S|CS|TAMS 0x00000000c3b00000, 0x00000000c3b00000| Complete 
|  28|0x00000000c3c00000, 0x00000000c3c00000, 0x00000000c3d00000|  0%| F|  |TAMS 0x00000000c3c00000, 0x00000000c3c00000| Untracked 
|  29|0x00000000c3d00000, 0x00000000c3d00000, 0x00000000c3e00000|  0%| F|  |TAMS 0x00000000c3d00000, 0x00000000c3d00000| Untracked 
|  30|0x00000000c3e00000, 0x00000000c3e00000, 0x00000000c3f00000|  0%| F|  |TAMS 0x00000000c3e00000, 0x00000000c3e00000| Untracked 
|  31|0x00000000c3f00000, 0x00000000c3f00000, 0x00000000c4000000|  0%| F|  |TAMS 0x00000000c3f00000, 0x00000000c3f00000| Untracked 
|  32|0x00000000c4000000, 0x00000000c4000000, 0x00000000c4100000|  0%| F|  |TAMS 0x00000000c4000000, 0x00000000c4000000| Untracked 
|  33|0x00000000c4100000, 0x00000000c4100000, 0x00000000c4200000|  0%| F|  |TAMS 0x00000000c4100000, 0x00000000c4100000| Untracked 
|  34|0x00000000c4200000, 0x00000000c4200000, 0x00000000c4300000|  0%| F|  |TAMS 0x00000000c4200000, 0x00000000c4200000| Untracked 
|  35|0x00000000c4300000, 0x00000000c4300000, 0x00000000c4400000|  0%| F|  |TAMS 0x00000000c4300000, 0x00000000c4300000| Untracked 
|  36|0x00000000c4400000, 0x00000000c4400000, 0x00000000c4500000|  0%| F|  |TAMS 0x00000000c4400000, 0x00000000c4400000| Untracked 
|  37|0x00000000c4500000, 0x00000000c4500000, 0x00000000c4600000|  0%| F|  |TAMS 0x00000000c4500000, 0x00000000c4500000| Untracked 
|  38|0x00000000c4600000, 0x00000000c4600000, 0x00000000c4700000|  0%| F|  |TAMS 0x00000000c4600000, 0x00000000c4600000| Untracked 
|  39|0x00000000c4700000, 0x00000000c4700000, 0x00000000c4800000|  0%| F|  |TAMS 0x00000000c4700000, 0x00000000c4700000| Untracked 
|  40|0x00000000c4800000, 0x00000000c4800000, 0x00000000c4900000|  0%| F|  |TAMS 0x00000000c4800000, 0x00000000c4800000| Untracked 
|  41|0x00000000c4900000, 0x00000000c4900000, 0x00000000c4a00000|  0%| F|  |TAMS 0x00000000c4900000, 0x00000000c4900000| Untracked 
|  42|0x00000000c4a00000, 0x00000000c4a00000, 0x00000000c4b00000|  0%| F|  |TAMS 0x00000000c4a00000, 0x00000000c4a00000| Untracked 
|  43|0x00000000c4b00000, 0x00000000c4b00000, 0x00000000c4c00000|  0%| F|  |TAMS 0x00000000c4b00000, 0x00000000c4b00000| Untracked 
|  44|0x00000000c4c00000, 0x00000000c4c00000, 0x00000000c4d00000|  0%| F|  |TAMS 0x00000000c4c00000, 0x00000000c4c00000| Untracked 
|  45|0x00000000c4d00000, 0x00000000c4d00800, 0x00000000c4e00000|  0%| E|  |TAMS 0x00000000c4d00000, 0x00000000c4d00000| Complete 
|  61|0x00000000c5d00000, 0x00000000c5e00000, 0x00000000c5e00000|100%| E|CS|TAMS 0x00000000c5d00000, 0x00000000c5d00000| Complete 
| 989|0x00000000ffd00000, 0x00000000ffe00000, 0x00000000ffe00000|100%| O|  |TAMS 0x00000000ffd00000, 0x00000000ffd00000| Untracked 
| 990|0x00000000ffe00000, 0x00000000fff00000, 0x00000000fff00000|100%| O|  |TAMS 0x00000000ffe00000, 0x00000000ffe00000| Untracked 
| 991|0x00000000fff00000, 0x0000000100000000, 0x0000000100000000|100%| O|  |TAMS 0x00000000fff00000, 0x00000000fff00000| Untracked 

Card table byte_map: [0x000001c47eaf0000,0x000001c47ece0000] _byte_map_base: 0x000001c47e4e0000

Marking Bits (Prev, Next): (CMBitMap*) 0x000001c47ca67200, (CMBitMap*) 0x000001c47ca671c0
 Prev Bits: [0x000001c416ea0000, 0x000001c417e20000)
 Next Bits: [0x000001c47eed0000, 0x000001c47fe50000)

Polling page: 0x000001c47caf0000

Metaspace:

Usage:
  Non-class:     27.98 MB used.
      Class:      3.85 MB used.
       Both:     31.83 MB used.

Virtual space:
  Non-class space:       64.00 MB reserved,      28.12 MB ( 44%) committed,  1 nodes.
      Class space:        1.00 GB reserved,       4.00 MB ( <1%) committed,  1 nodes.
             Both:        1.06 GB reserved,      32.12 MB (  3%) committed. 

Chunk freelists:
   Non-Class:  3.23 MB
       Class:  3.89 MB
        Both:  7.12 MB

MaxMetaspaceSize: unlimited
CompressedClassSpaceSize: 1.00 GB
Initial GC threshold: 21.00 MB
Current GC threshold: 35.25 MB
CDS: on
MetaspaceReclaimPolicy: balanced
 - commit_granule_bytes: 65536.
 - commit_granule_words: 8192.
 - virtual_space_node_default_size: 8388608.
 - enlarge_chunks_in_place: 1.
 - new_chunks_are_fully_committed: 0.
 - uncommit_free_chunks: 1.
 - use_allocation_guard: 0.


Internal statistics:

num_allocs_failed_limit: 3.
num_arena_births: 334.
num_arena_deaths: 0.
num_vsnodes_births: 2.
num_vsnodes_deaths: 0.
num_space_committed: 514.
num_space_uncommitted: 0.
num_chunks_returned_to_freelist: 3.
num_chunks_taken_from_freelist: 1165.
num_chunk_merges: 3.
num_chunk_splits: 859.
num_chunks_enlarged: 715.
num_inconsistent_stats: 0.

CodeHeap 'non-profiled nmethods': size=120000Kb used=1259Kb max_used=1259Kb free=118740Kb
 bounds [0x000001c40f970000, 0x000001c40fbe0000, 0x000001c416ea0000]
CodeHeap 'profiled nmethods': size=120000Kb used=5874Kb max_used=5874Kb free=114125Kb
 bounds [0x000001c407ea0000, 0x000001c408460000, 0x000001c40f3d0000]
CodeHeap 'non-nmethods': size=5760Kb used=1411Kb max_used=1491Kb free=4348Kb
 bounds [0x000001c40f3d0000, 0x000001c40f640000, 0x000001c40f970000]
 total_blobs=3681 nmethods=3029 adapters=562
 compilation: enabled
              stopped_count=0, restarted_count=0
 full_count=0

Compilation events (20 events):
Event: 27.298 Thread 0x000001c41a2996d0 nmethod 3020 0x000001c408459190 code [0x000001c408459340, 0x000001c408459488]
Event: 27.298 Thread 0x000001c41a2996d0 3021       3       com.sun.org.apache.xerces.internal.util.XMLAttributesImpl$Attribute::<init> (27 bytes)
Event: 27.299 Thread 0x000001c41a2996d0 nmethod 3021 0x000001c408459590 code [0x000001c4084597a0, 0x000001c408459f98]
Event: 27.299 Thread 0x000001c41a2996d0 3022       3       com.sun.org.apache.xerces.internal.impl.XMLDocumentScannerImpl::getFeatureDefault (40 bytes)
Event: 27.300 Thread 0x000001c41a2996d0 nmethod 3022 0x000001c40845a210 code [0x000001c40845a3e0, 0x000001c40845a6b8]
Event: 27.300 Thread 0x000001c41a2996d0 3023       1       javax.xml.catalog.CatalogFeatures$Feature::getPropertyName (5 bytes)
Event: 27.300 Thread 0x000001c41a2996d0 nmethod 3023 0x000001c40faa9c90 code [0x000001c40faa9e20, 0x000001c40faa9ed8]
Event: 27.300 Thread 0x000001c41a2996d0 3024       3       com.sun.org.apache.xerces.internal.util.ParserConfigurationSettings::checkProperty (51 bytes)
Event: 27.328 Thread 0x000001c41a2996d0 nmethod 3024 0x000001c40845a810 code [0x000001c40845aa00, 0x000001c40845ae78]
Event: 27.328 Thread 0x000001c41a2996d0 3026       3       com.sun.org.apache.xerces.internal.impl.XMLEntityScanner::invokeListeners (37 bytes)
Event: 27.329 Thread 0x000001c41a289d80 nmethod 3018 0x000001c40faa9f90 code [0x000001c40faaa160, 0x000001c40faaa530]
Event: 27.329 Thread 0x000001c41a289d80 3027       4       com.sun.org.apache.xerces.internal.impl.XMLEntityScanner::checkEntityLimit (50 bytes)
Event: 27.329 Thread 0x000001c41a2996d0 nmethod 3026 0x000001c40845b010 code [0x000001c40845b200, 0x000001c40845b768]
Event: 27.329 Thread 0x000001c41a2996d0 3028       3       com.sun.org.apache.xerces.internal.util.NamespaceSupport::getDeclaredPrefixCount (17 bytes)
Event: 27.329 Thread 0x000001c41a2996d0 nmethod 3028 0x000001c40845b990 code [0x000001c40845bb40, 0x000001c40845bc98]
Event: 27.329 Thread 0x000001c41a2996d0 3025       3       com.sun.org.apache.xerces.internal.impl.XMLEntityScanner::load (200 bytes)
Event: 27.330 Thread 0x000001c41a2996d0 nmethod 3025 0x000001c40845bd90 code [0x000001c40845bf80, 0x000001c40845c4d8]
Event: 27.330 Thread 0x000001c41a289d80 nmethod 3027 0x000001c40faaa990 code [0x000001c40faaab20, 0x000001c40faaabf8]
Event: 27.348 Thread 0x000001c41a2996d0 3029       3       org.apache.xmlbeans.impl.store.Xobj::bitIsSet (15 bytes)
Event: 27.348 Thread 0x000001c41a2996d0 nmethod 3029 0x000001c40845c710 code [0x000001c40845c8a0, 0x000001c40845ca18]

GC Heap History (16 events):
Event: 1.811 GC heap before
{Heap before GC invocations=0 (full 0):
 garbage-first heap   total 63488K, used 12288K [0x00000000c2000000, 0x0000000100000000)
  region size 1024K, 13 young (13312K), 0 survivors (0K)
 Metaspace       used 4459K, committed 4608K, reserved 1114112K
  class space    used 452K, committed 512K, reserved 1048576K
}
Event: 1.833 GC heap after
{Heap after GC invocations=1 (full 0):
 garbage-first heap   total 63488K, used 6108K [0x00000000c2000000, 0x0000000100000000)
  region size 1024K, 2 young (2048K), 2 survivors (2048K)
 Metaspace       used 4459K, committed 4608K, reserved 1114112K
  class space    used 452K, committed 512K, reserved 1048576K
}
Event: 2.686 GC heap before
{Heap before GC invocations=1 (full 0):
 garbage-first heap   total 63488K, used 18396K [0x00000000c2000000, 0x0000000100000000)
  region size 1024K, 14 young (14336K), 2 survivors (2048K)
 Metaspace       used 8019K, committed 8256K, reserved 1114112K
  class space    used 885K, committed 960K, reserved 1048576K
}
Event: 2.691 GC heap after
{Heap after GC invocations=2 (full 0):
 garbage-first heap   total 63488K, used 7273K [0x00000000c2000000, 0x0000000100000000)
  region size 1024K, 2 young (2048K), 2 survivors (2048K)
 Metaspace       used 8019K, committed 8256K, reserved 1114112K
  class space    used 885K, committed 960K, reserved 1048576K
}
Event: 7.165 GC heap before
{Heap before GC invocations=2 (full 0):
 garbage-first heap   total 63488K, used 27753K [0x00000000c2000000, 0x0000000100000000)
  region size 1024K, 23 young (23552K), 2 survivors (2048K)
 Metaspace       used 14416K, committed 14784K, reserved 1114112K
  class space    used 1700K, committed 1856K, reserved 1048576K
}
Event: 7.172 GC heap after
{Heap after GC invocations=3 (full 0):
 garbage-first heap   total 63488K, used 9440K [0x00000000c2000000, 0x0000000100000000)
  region size 1024K, 3 young (3072K), 3 survivors (3072K)
 Metaspace       used 14416K, committed 14784K, reserved 1114112K
  class space    used 1700K, committed 1856K, reserved 1048576K
}
Event: 7.934 GC heap before
{Heap before GC invocations=3 (full 0):
 garbage-first heap   total 63488K, used 25824K [0x00000000c2000000, 0x0000000100000000)
  region size 1024K, 20 young (20480K), 3 survivors (3072K)
 Metaspace       used 21245K, committed 21504K, reserved 1114112K
  class space    used 2461K, committed 2560K, reserved 1048576K
}
Event: 7.943 GC heap after
{Heap after GC invocations=4 (full 0):
 garbage-first heap   total 63488K, used 11687K [0x00000000c2000000, 0x0000000100000000)
  region size 1024K, 3 young (3072K), 3 survivors (3072K)
 Metaspace       used 21245K, committed 21504K, reserved 1114112K
  class space    used 2461K, committed 2560K, reserved 1048576K
}
Event: 24.784 GC heap before
{Heap before GC invocations=5 (full 0):
 garbage-first heap   total 45056K, used 44455K [0x00000000c2000000, 0x0000000100000000)
  region size 1024K, 30 young (30720K), 3 survivors (3072K)
 Metaspace       used 29188K, committed 29504K, reserved 1114112K
  class space    used 3492K, committed 3648K, reserved 1048576K
}
Event: 24.802 GC heap after
{Heap after GC invocations=6 (full 0):
 garbage-first heap   total 51200K, used 19333K [0x00000000c2000000, 0x0000000100000000)
  region size 1024K, 3 young (3072K), 3 survivors (3072K)
 Metaspace       used 29188K, committed 29504K, reserved 1114112K
  class space    used 3492K, committed 3648K, reserved 1048576K
}
Event: 25.482 GC heap before
{Heap before GC invocations=6 (full 0):
 garbage-first heap   total 51200K, used 35717K [0x00000000c2000000, 0x0000000100000000)
  region size 1024K, 19 young (19456K), 3 survivors (3072K)
 Metaspace       used 31246K, committed 31616K, reserved 1114112K
  class space    used 3753K, committed 3904K, reserved 1048576K
}
Event: 25.489 GC heap after
{Heap after GC invocations=7 (full 0):
 garbage-first heap   total 51200K, used 20189K [0x00000000c2000000, 0x0000000100000000)
  region size 1024K, 1 young (1024K), 1 survivors (1024K)
 Metaspace       used 31246K, committed 31616K, reserved 1114112K
  class space    used 3753K, committed 3904K, reserved 1048576K
}
Event: 25.528 GC heap before
{Heap before GC invocations=7 (full 0):
 garbage-first heap   total 51200K, used 37597K [0x00000000c2000000, 0x0000000100000000)
  region size 1024K, 18 young (18432K), 1 survivors (1024K)
 Metaspace       used 31246K, committed 31616K, reserved 1114112K
  class space    used 3753K, committed 3904K, reserved 1048576K
}
Event: 25.531 GC heap after
{Heap after GC invocations=8 (full 0):
 garbage-first heap   total 51200K, used 20530K [0x00000000c2000000, 0x0000000100000000)
  region size 1024K, 2 young (2048K), 2 survivors (2048K)
 Metaspace       used 31246K, committed 31616K, reserved 1114112K
  class space    used 3753K, committed 3904K, reserved 1048576K
}
Event: 26.927 GC heap before
{Heap before GC invocations=8 (full 0):
 garbage-first heap   total 51200K, used 37938K [0x00000000c2000000, 0x0000000100000000)
  region size 1024K, 19 young (19456K), 2 survivors (2048K)
 Metaspace       used 32431K, committed 32832K, reserved 1114112K
  class space    used 3912K, committed 4096K, reserved 1048576K
}
Event: 26.933 GC heap after
{Heap after GC invocations=9 (full 0):
 garbage-first heap   total 51200K, used 21219K [0x00000000c2000000, 0x0000000100000000)
  region size 1024K, 2 young (2048K), 2 survivors (2048K)
 Metaspace       used 32431K, committed 32832K, reserved 1114112K
  class space    used 3912K, committed 4096K, reserved 1048576K
}

Dll operation events (11 events):
Event: 0.054 Loaded shared library C:\Program Files\Java\jdk-19\bin\java.dll
Event: 0.189 Loaded shared library C:\Program Files\Java\jdk-19\bin\jsvml.dll
Event: 0.467 Loaded shared library C:\Program Files\Java\jdk-19\bin\net.dll
Event: 0.475 Loaded shared library C:\Program Files\Java\jdk-19\bin\nio.dll
Event: 0.490 Loaded shared library C:\Program Files\Java\jdk-19\bin\zip.dll
Event: 0.914 Loaded shared library C:\Program Files\Java\jdk-19\bin\jimage.dll
Event: 1.219 Loaded shared library C:\Program Files\Java\jdk-19\bin\extnet.dll
Event: 6.484 Loaded shared library C:\Program Files\Java\jdk-19\bin\management.dll
Event: 6.492 Loaded shared library C:\Program Files\Java\jdk-19\bin\management_ext.dll
Event: 6.990 Loaded shared library C:\Program Files\Java\jdk-19\bin\verify.dll
Event: 7.397 Loaded shared library C:\Program Files\Java\jdk-19\bin\sunmscapi.dll

Deoptimization events (20 events):
Event: 25.429 Thread 0x000001c47ca25700 DEOPT PACKING pc=0x000001c40fa1d300 sp=0x000000b8843f9530
Event: 25.429 Thread 0x000001c47ca25700 DEOPT UNPACKING pc=0x000001c40f436da3 sp=0x000000b8843f9478 mode 2
Event: 25.927 Thread 0x000001c47ca25700 Uncommon trap: trap_request=0xffffff45 fr.pc=0x000001c40fa1e594 relative=0x00000000000003f4
Event: 25.927 Thread 0x000001c47ca25700 Uncommon trap: reason=unstable_if action=reinterpret pc=0x000001c40fa1e594 method=java.lang.StringUTF16.compress([CII)[B @ 13 c2
Event: 25.927 Thread 0x000001c47ca25700 DEOPT PACKING pc=0x000001c40fa1e594 sp=0x000000b8843fcfb0
Event: 25.927 Thread 0x000001c47ca25700 DEOPT UNPACKING pc=0x000001c40f436da3 sp=0x000000b8843fcef0 mode 2
Event: 25.927 Thread 0x000001c47ca25700 Uncommon trap: trap_request=0xffffff45 fr.pc=0x000001c40fa5a370 relative=0x0000000000000250
Event: 25.927 Thread 0x000001c47ca25700 Uncommon trap: reason=unstable_if action=reinterpret pc=0x000001c40fa5a370 method=java.lang.String.getChars(II[CI)V @ 23 c2
Event: 25.927 Thread 0x000001c47ca25700 DEOPT PACKING pc=0x000001c40fa5a370 sp=0x000000b8843fcf20
Event: 25.927 Thread 0x000001c47ca25700 DEOPT UNPACKING pc=0x000001c40f436da3 sp=0x000000b8843fcee0 mode 2
Event: 25.927 Thread 0x000001c47ca25700 Uncommon trap: trap_request=0xffffff45 fr.pc=0x000001c40fa1debc relative=0x000000000000021c
Event: 25.928 Thread 0x000001c47ca25700 Uncommon trap: reason=unstable_if action=reinterpret pc=0x000001c40fa1debc method=java.lang.StringUTF16.compress([CII)[B @ 13 c2
Event: 25.928 Thread 0x000001c47ca25700 DEOPT PACKING pc=0x000001c40fa1debc sp=0x000000b8843fcf40
Event: 25.928 Thread 0x000001c47ca25700 DEOPT UNPACKING pc=0x000001c40f436da3 sp=0x000000b8843fcee0 mode 2
Event: 25.929 Thread 0x000001c47ca25700 Uncommon trap: trap_request=0xffffff45 fr.pc=0x000001c40f9dc1e4 relative=0x0000000000000244
Event: 25.929 Thread 0x000001c47ca25700 Uncommon trap: reason=unstable_if action=reinterpret pc=0x000001c40f9dc1e4 method=java.lang.StringUTF16.compress([CI[BII)I @ 20 c2
Event: 25.929 Thread 0x000001c47ca25700 DEOPT PACKING pc=0x000001c40f9dc1e4 sp=0x000000b8843fceb0
Event: 25.929 Thread 0x000001c47ca25700 DEOPT UNPACKING pc=0x000001c40f436da3 sp=0x000000b8843fce58 mode 2
Event: 26.848 Thread 0x000001c47ca25700 DEOPT PACKING pc=0x000001c40842f17e sp=0x000000b8843fcd60
Event: 26.848 Thread 0x000001c47ca25700 DEOPT UNPACKING pc=0x000001c40f437543 sp=0x000000b8843fc1d0 mode 0

Classes loaded (20 events):
Event: 25.408 Loading class java/io/UTFDataFormatException
Event: 25.408 Loading class java/io/UTFDataFormatException done
Event: 25.439 Loading class java/lang/invoke/DirectMethodHandle$1
Event: 25.444 Loading class java/lang/invoke/DirectMethodHandle$1 done
Event: 25.667 Loading class org/w3c/dom/DOMImplementation
Event: 25.667 Loading class org/w3c/dom/DOMImplementation done
Event: 25.684 Loading class org/xml/sax/ext/LexicalHandler
Event: 25.684 Loading class org/xml/sax/ext/LexicalHandler done
Event: 25.684 Loading class org/xml/sax/ext/DeclHandler
Event: 25.685 Loading class org/xml/sax/ext/DeclHandler done
Event: 25.696 Loading class org/w3c/dom/CDATASection
Event: 25.696 Loading class org/w3c/dom/CDATASection done
Event: 25.732 Loading class java/lang/AbstractMethodError
Event: 25.733 Loading class java/lang/AbstractMethodError done
Event: 25.745 Loading class org/w3c/dom/Comment
Event: 25.745 Loading class org/w3c/dom/Comment done
Event: 25.748 Loading class org/w3c/dom/ProcessingInstruction
Event: 25.748 Loading class org/w3c/dom/ProcessingInstruction done
Event: 25.801 Loading class org/w3c/dom/DocumentFragment
Event: 25.801 Loading class org/w3c/dom/DocumentFragment done

Classes unloaded (0 events):
No events

Classes redefined (0 events):
No events

Internal exceptions (20 events):
Event: 8.143 Thread 0x000001c41f837960 Exception <a 'java/net/ConnectException'{0x00000000c479e870}: Connection refused: no further information> (0x00000000c479e870) 
thrown [s\open\src\hotspot\share\prims\jni.cpp, line 536]
Event: 8.173 Thread 0x000001c41f837960 Exception <a 'java/net/ConnectException'{0x00000000c479f810}: Connection refused: no further information> (0x00000000c479f810) 
thrown [s\open\src\hotspot\share\prims\jni.cpp, line 536]
Event: 8.221 Thread 0x000001c41f837960 Exception <a 'java/net/ConnectException'{0x00000000c47a07b0}: Connection refused: no further information> (0x00000000c47a07b0) 
thrown [s\open\src\hotspot\share\prims\jni.cpp, line 536]
Event: 8.313 Thread 0x000001c41f837960 Exception <a 'java/net/ConnectException'{0x00000000c47a1750}: Connection refused: no further information> (0x00000000c47a1750) 
thrown [s\open\src\hotspot\share\prims\jni.cpp, line 536]
Event: 8.591 Thread 0x000001c47ca25700 Exception <a 'java/lang/NoSuchMethodError'{0x00000000c46d28a0}: 'void java.lang.invoke.DirectMethodHandle$Holder.invokeStatic(java.lang.Object, java.lang.Object, int)'> (0x00000000c46d28a0) 
thrown [s\open\src\hotspot\share\interpreter\linkResolver.cpp, line 774]
Event: 8.623 Thread 0x000001c47ca25700 Exception <a 'java/lang/NoSuchMethodError'{0x00000000c4541e40}: 'java.lang.Object java.lang.invoke.DirectMethodHandle$Holder.newInvokeSpecial(java.lang.Object, java.lang.Object, java.lang.Object, java.lang.Object, java.lang.Object)'> (0x00000000c4541e40) 
thrown [s\open\src\hotspot\share\interpreter\linkResolver.cpp, line 774]
Event: 8.698 Thread 0x000001c47ca25700 Exception <a 'java/lang/NoSuchMethodError'{0x00000000c44a21a0}: 'int java.lang.invoke.DirectMethodHandle$Holder.invokeSpecialIFC(java.lang.Object, java.lang.Object, java.lang.Object)'> (0x00000000c44a21a0) 
thrown [s\open\src\hotspot\share\interpreter\linkResolver.cpp, line 774]
Event: 8.839 Thread 0x000001c47ca25700 Exception <a 'java/lang/NoSuchMethodError'{0x00000000c4193850}: 'void java.lang.invoke.DirectMethodHandle$Holder.invokeSpecial(java.lang.Object, java.lang.Object, java.lang.Object, java.lang.Object, java.lang.Object, java.lang.Object)'> (0x00000000c4193850) 
thrown [s\open\src\hotspot\share\interpreter\linkResolver.cpp, line 774]
Event: 8.866 Thread 0x000001c47ca25700 Exception <a 'java/lang/NoSuchMethodError'{0x00000000c401b420}: 'long java.lang.invoke.DirectMethodHandle$Holder.invokeInterface(java.lang.Object, java.lang.Object)'> (0x00000000c401b420) 
thrown [s\open\src\hotspot\share\interpreter\linkResolver.cpp, line 774]
Event: 8.867 Thread 0x000001c47ca25700 Exception <a 'java/lang/NoSuchMethodError'{0x00000000c401f3c8}: 'long java.lang.invoke.DelegatingMethodHandle$Holder.reinvoke_L(java.lang.Object, java.lang.Object)'> (0x00000000c401f3c8) 
thrown [s\open\src\hotspot\share\interpreter\linkResolver.cpp, line 774]
Event: 15.360 Thread 0x000001c47ca25700 Exception <a 'java/lang/NoSuchMethodError'{0x00000000c3bfe0a0}: 'java.lang.Object java.lang.invoke.DirectMethodHandle$Holder.invokeSpecialIFC(java.lang.Object, java.lang.Object, java.lang.Object)'> (0x00000000c3bfe0a0) 
thrown [s\open\src\hotspot\share\interpreter\linkResolver.cpp, line 774]
Event: 15.790 Thread 0x000001c47ca25700 Exception <a 'java/lang/ClassNotFoundException'{0x00000000c36150f0}: sun/util/logging/resources/spi/loggingProvider> (0x00000000c36150f0) 
thrown [s\open\src\hotspot\share\classfile\systemDictionary.cpp, line 255]
Event: 24.490 Thread 0x000001c47ca25700 Exception <a 'java/lang/NoSuchMethodError'{0x00000000c315fc20}: 'void java.lang.invoke.DirectMethodHandle$Holder.invokeVirtual(java.lang.Object, java.lang.Object, java.lang.Object, int)'> (0x00000000c315fc20) 
thrown [s\open\src\hotspot\share\interpreter\linkResolver.cpp, line 774]
Event: 24.494 Thread 0x000001c47ca25700 Exception <a 'java/lang/NoSuchMethodError'{0x00000000c3167ce8}: 'void java.lang.invoke.DirectMethodHandle$Holder.invokeVirtual(java.lang.Object, java.lang.Object, java.lang.Object, java.lang.Object)'> (0x00000000c3167ce8) 
thrown [s\open\src\hotspot\share\interpreter\linkResolver.cpp, line 774]
Event: 24.511 Thread 0x000001c47ca25700 Exception <a 'java/lang/NoSuchMethodError'{0x00000000c3199eb0}: 'void java.lang.invoke.DirectMethodHandle$Holder.invokeStatic(java.lang.Object, java.lang.Object, java.lang.Object, int)'> (0x00000000c3199eb0) 
thrown [s\open\src\hotspot\share\interpreter\linkResolver.cpp, line 774]
Event: 24.512 Thread 0x000001c47ca25700 Exception <a 'java/lang/NoSuchMethodError'{0x00000000c319d8d8}: 'void java.lang.invoke.DirectMethodHandle$Holder.invokeStaticInit(java.lang.Object, java.lang.Object, java.lang.Object, int)'> (0x00000000c319d8d8) 
thrown [s\open\src\hotspot\share\interpreter\linkResolver.cpp, line 774]
Event: 24.768 Thread 0x000001c47ca25700 Exception <a 'java/lang/NoSuchMethodError'{0x00000000c2ed4650}: 'java.lang.Object java.lang.invoke.DirectMethodHandle$Holder.invokeStatic(java.lang.Object, java.lang.Object, int, int)'> (0x00000000c2ed4650) 
thrown [s\open\src\hotspot\share\interpreter\linkResolver.cpp, line 774]
Event: 24.772 Thread 0x000001c47ca25700 Exception <a 'java/lang/NoSuchMethodError'{0x00000000c2ed80d8}: 'java.lang.Object java.lang.invoke.DirectMethodHandle$Holder.invokeStaticInit(java.lang.Object, java.lang.Object, int, int)'> (0x00000000c2ed80d8) 
thrown [s\open\src\hotspot\share\interpreter\linkResolver.cpp, line 774]
Event: 25.120 Thread 0x000001c47ca25700 Implicit null exception at 0x000001c40fa55760 to 0x000001c40fa56084
Event: 25.429 Thread 0x000001c47ca25700 Implicit null exception at 0x000001c40fa1d121 to 0x000001c40fa1d2f0

VM Operations (20 events):
Event: 16.582 Executing VM operation: Cleanup
Event: 16.583 Executing VM operation: Cleanup done
Event: 22.612 Executing VM operation: Cleanup
Event: 22.612 Executing VM operation: Cleanup done
Event: 23.619 Executing VM operation: Cleanup
Event: 23.619 Executing VM operation: Cleanup done
Event: 24.629 Executing VM operation: Cleanup
Event: 24.629 Executing VM operation: Cleanup done
Event: 24.784 Executing VM operation: G1CollectForAllocation
Event: 24.802 Executing VM operation: G1CollectForAllocation done
Event: 25.407 Executing VM operation: HandshakeAllThreads
Event: 25.407 Executing VM operation: HandshakeAllThreads done
Event: 25.482 Executing VM operation: G1CollectForAllocation
Event: 25.490 Executing VM operation: G1CollectForAllocation done
Event: 25.528 Executing VM operation: G1CollectForAllocation
Event: 25.531 Executing VM operation: G1CollectForAllocation done
Event: 26.543 Executing VM operation: Cleanup
Event: 26.544 Executing VM operation: Cleanup done
Event: 26.927 Executing VM operation: G1CollectForAllocation
Event: 26.933 Executing VM operation: G1CollectForAllocation done

Events (20 events):
Event: 0.275 Thread 0x000001c41a2996d0 Thread added: 0x000001c41a2996d0
Event: 0.275 Thread 0x000001c41a2aa570 Thread added: 0x000001c41a2aa570
Event: 0.437 Thread 0x000001c41e57b4a0 Thread added: 0x000001c41e57b4a0
Event: 0.455 Thread 0x000001c41e588080 Thread added: 0x000001c41e588080
Event: 1.242 Thread 0x000001c41eb19f90 Thread added: 0x000001c41eb19f90
Event: 6.286 Thread 0x000001c41ea90090 Thread added: 0x000001c41ea90090
Event: 6.917 Thread 0x000001c41f99eea0 Thread added: 0x000001c41f99eea0
Event: 6.919 Thread 0x000001c41f99eea0 Thread exited: 0x000001c41f99eea0
Event: 7.321 Thread 0x000001c41ea4b460 Thread added: 0x000001c41ea4b460
Event: 7.979 Thread 0x000001c41e595a10 Thread added: 0x000001c41e595a10
Event: 8.004 Thread 0x000001c41faad450 Thread added: 0x000001c41faad450
Event: 8.004 Thread 0x000001c41faad990 Thread added: 0x000001c41faad990
Event: 8.057 Thread 0x000001c41fa05040 Thread added: 0x000001c41fa05040
Event: 8.058 Thread 0x000001c41f837410 Thread added: 0x000001c41f837410
Event: 8.070 Thread 0x000001c41f837960 Thread added: 0x000001c41f837960
Event: 8.508 Thread 0x000001c41f836420 Thread added: 0x000001c41f836420
Event: 8.974 Thread 0x000001c41f836ec0 Thread added: 0x000001c41f836ec0
Event: 13.510 Thread 0x000001c41f836420 Thread exited: 0x000001c41f836420
Event: 15.442 Thread 0x000001c41f836420 Thread added: 0x000001c41f836420
Event: 15.472 Thread 0x000001c41e6cfea0 Thread added: 0x000001c41e6cfea0


Dynamic libraries:
0x00007ff6241b0000 - 0x00007ff6241c0000 	C:\Program Files\Java\jdk-19\bin\javaw.exe
0x00007ff8539d0000 - 0x00007ff853bc8000 	C:\Windows\SYSTEM32\ntdll.dll
0x00007ff852bc0000 - 0x00007ff852c7f000 	C:\Windows\System32\KERNEL32.DLL
0x00007ff851440000 - 0x00007ff851736000 	C:\Windows\System32\KERNELBASE.dll
0x00007ff851120000 - 0x00007ff851220000 	C:\Windows\System32\ucrtbase.dll
0x00007ffff4150000 - 0x00007ffff416b000 	C:\Program Files\Java\jdk-19\bin\VCRUNTIME140.dll
0x00007ffff4130000 - 0x00007ffff4148000 	C:\Program Files\Java\jdk-19\bin\jli.dll
0x00007ff852840000 - 0x00007ff8528ef000 	C:\Windows\System32\ADVAPI32.dll
0x00007ff853740000 - 0x00007ff8537de000 	C:\Windows\System32\msvcrt.dll
0x00007ff852030000 - 0x00007ff8520cc000 	C:\Windows\System32\sechost.dll
0x00007ff851ea0000 - 0x00007ff851fc6000 	C:\Windows\System32\RPCRT4.dll
0x00007ff852200000 - 0x00007ff85239d000 	C:\Windows\System32\USER32.dll
0x00007ff851a00000 - 0x00007ff851a22000 	C:\Windows\System32\win32u.dll
0x00007ff845f90000 - 0x00007ff84622a000 	C:\Windows\WinSxS\amd64_microsoft.windows.common-controls_6595b64144ccf1df_6.0.19041.1110_none_60b5254171f9507e\COMCTL32.dll
0x00007ff852c80000 - 0x00007ff852cac000 	C:\Windows\System32\GDI32.dll
0x00007ff851740000 - 0x00007ff851855000 	C:\Windows\System32\gdi32full.dll
0x00007ff851860000 - 0x00007ff8518fd000 	C:\Windows\System32\msvcp_win.dll
0x00007ff849e80000 - 0x00007ff849e8a000 	C:\Windows\SYSTEM32\VERSION.dll
0x00007ff853900000 - 0x00007ff853930000 	C:\Windows\System32\IMM32.DLL
0x00007ff848f70000 - 0x00007ff848f7c000 	C:\Program Files\Java\jdk-19\bin\vcruntime140_1.dll
0x00007ffff3ca0000 - 0x00007ffff3d2e000 	C:\Program Files\Java\jdk-19\bin\msvcp140.dll
0x00007ffff2fe0000 - 0x00007ffff3ca0000 	C:\Program Files\Java\jdk-19\bin\server\jvm.dll
0x00007ff8474d0000 - 0x00007ff8474f7000 	C:\Windows\SYSTEM32\WINMM.dll
0x00007ff844db0000 - 0x00007ff844db9000 	C:\Windows\SYSTEM32\WSOCK32.dll
0x00007ff8529a0000 - 0x00007ff852a0b000 	C:\Windows\System32\WS2_32.dll
0x00007ff84f8f0000 - 0x00007ff84f902000 	C:\Windows\SYSTEM32\kernel.appcore.dll
0x00007ff828450000 - 0x00007ff82845a000 	C:\Program Files\Java\jdk-19\bin\jimage.dll
0x00007ff84ee50000 - 0x00007ff84f034000 	C:\Windows\SYSTEM32\DBGHELP.DLL
0x00007ff848450000 - 0x00007ff848484000 	C:\Windows\SYSTEM32\dbgcore.DLL
0x00007ff8513b0000 - 0x00007ff851432000 	C:\Windows\System32\bcryptPrimitives.dll
0x00007ffff4100000 - 0x00007ffff4126000 	C:\Program Files\Java\jdk-19\bin\java.dll
0x00007ffff2f00000 - 0x00007ffff2fd7000 	C:\Program Files\Java\jdk-19\bin\jsvml.dll
0x00007ff852e40000 - 0x00007ff853584000 	C:\Windows\System32\SHELL32.dll
0x00007ff84f140000 - 0x00007ff84f8d3000 	C:\Windows\SYSTEM32\windows.storage.dll
0x00007ff8524d0000 - 0x00007ff852824000 	C:\Windows\System32\combase.dll
0x00007ff850a20000 - 0x00007ff850a4e000 	C:\Windows\SYSTEM32\Wldp.dll
0x00007ff852d90000 - 0x00007ff852e3d000 	C:\Windows\System32\SHCORE.dll
0x00007ff853930000 - 0x00007ff853985000 	C:\Windows\System32\shlwapi.dll
0x00007ff850ff0000 - 0x00007ff85100f000 	C:\Windows\SYSTEM32\profapi.dll
0x00007ffff2ee0000 - 0x00007ffff2ef3000 	C:\Program Files\Java\jdk-19\bin\net.dll
0x00007ff8471d0000 - 0x00007ff8472da000 	C:\Windows\SYSTEM32\WINHTTP.dll
0x00007ff850780000 - 0x00007ff8507ea000 	C:\Windows\system32\mswsock.dll
0x00007ffff2ec0000 - 0x00007ffff2ed6000 	C:\Program Files\Java\jdk-19\bin\nio.dll
0x00007ffff2ea0000 - 0x00007ffff2eb8000 	C:\Program Files\Java\jdk-19\bin\zip.dll
0x00007ff8504b0000 - 0x00007ff85057a000 	C:\Windows\SYSTEM32\DNSAPI.dll
0x00007ff850470000 - 0x00007ff8504ac000 	C:\Windows\SYSTEM32\IPHLPAPI.DLL
0x00007ff852990000 - 0x00007ff852998000 	C:\Windows\System32\NSI.dll
0x00007ff8490b0000 - 0x00007ff8490ba000 	C:\Windows\System32\rasadhlp.dll
0x00007ff846940000 - 0x00007ff8469c2000 	C:\Windows\System32\fwpuclnt.dll
0x00007ff851380000 - 0x00007ff8513a7000 	C:\Windows\System32\bcrypt.dll
0x00007ff84a0b0000 - 0x00007ff84a0b8000 	C:\Program Files\Java\jdk-19\bin\extnet.dll
0x00007ff850970000 - 0x00007ff850988000 	C:\Windows\SYSTEM32\CRYPTSP.dll
0x00007ff8500a0000 - 0x00007ff8500d4000 	C:\Windows\system32\rsaenh.dll
0x00007ff850f70000 - 0x00007ff850f9e000 	C:\Windows\SYSTEM32\USERENV.dll
0x00007ff850990000 - 0x00007ff85099c000 	C:\Windows\SYSTEM32\CRYPTBASE.dll
0x00007ff847cb0000 - 0x00007ff847cc7000 	C:\Windows\SYSTEM32\dhcpcsvc6.DLL
0x00007ff848240000 - 0x00007ff84825d000 	C:\Windows\SYSTEM32\dhcpcsvc.DLL
0x00007ff84e590000 - 0x00007ff84e621000 	C:\Windows\system32\apphelp.dll
0x00007ff847310000 - 0x00007ff84731a000 	C:\Program Files\Java\jdk-19\bin\management.dll
0x00007ff847300000 - 0x00007ff84730b000 	C:\Program Files\Java\jdk-19\bin\management_ext.dll
0x00007ff852a10000 - 0x00007ff852a18000 	C:\Windows\System32\PSAPI.DLL
0x00007ff836370000 - 0x00007ff836387000 	C:\Windows\system32\napinsp.dll
0x00007ff836350000 - 0x00007ff83636b000 	C:\Windows\system32\pnrpnsp.dll
0x00007ff84b8a0000 - 0x00007ff84b8b5000 	C:\Windows\system32\wshbth.dll
0x00007ff848ea0000 - 0x00007ff848ebd000 	C:\Windows\system32\NLAapi.dll
0x00007ff836330000 - 0x00007ff836342000 	C:\Windows\System32\winrnr.dll
0x00007ff847b30000 - 0x00007ff847b40000 	C:\Program Files\Java\jdk-19\bin\verify.dll
0x00007ff84a0c0000 - 0x00007ff84a0ce000 	C:\Program Files\Java\jdk-19\bin\sunmscapi.dll
0x00007ff851220000 - 0x00007ff85137e000 	C:\Windows\System32\CRYPT32.dll
0x00007ff850a90000 - 0x00007ff850ab8000 	C:\Windows\SYSTEM32\ncrypt.dll
0x00007ff850a50000 - 0x00007ff850a8b000 	C:\Windows\SYSTEM32\NTASN1.dll
0x00007ff841bb0000 - 0x00007ff841bb7000 	C:\Windows\system32\wshunix.dll

dbghelp: loaded successfully - version: 4.0.5 - missing functions: none
symbol engine: initialized successfully - sym options: 0x614 - pdb path: .;C:\Program Files\Java\jdk-19\bin;C:\Windows\SYSTEM32;C:\Windows\WinSxS\amd64_microsoft.windows.common-controls_6595b64144ccf1df_6.0.19041.1110_none_60b5254171f9507e;C:\Program Files\Java\jdk-19\bin\server

VM Arguments:
jvm_args: -ea -Dfile.encoding=UTF-8 
java_command: org.testng.remote.RemoteTestNG -serport 54464 -protocol json -d C:\Users\Dell\eclipse-workspace\SeleniumAll\test-output C:\Users\Dell\AppData\Local\Temp\testng-eclipse-236160480\testng-customsuite.xml
java_class_path (initial): C:\Users\Dell\Downloads\eclipse-jee-photon-R-win32-x86_64\eclipse\configuration\org.eclipse.osgi\999\0\.cp\lib\testng-remote.jar;C:\Users\Dell\eclipse-workspace\SeleniumAll\bin;C:\Users\Dell\Downloads\selenium-java-4.8.3\selenium-api-4.8.3.jar;C:\Users\Dell\Downloads\selenium-java-4.8.3\selenium-api-4.8.3-sources.jar;C:\Users\Dell\Downloads\selenium-java-4.8.3\selenium-chrome-driver-4.8.3.jar;C:\Users\Dell\Downloads\selenium-java-4.8.3\selenium-chrome-driver-4.8.3-sources.jar;C:\Users\Dell\Downloads\selenium-java-4.8.3\selenium-chromium-driver-4.8.3.jar;C:\Users\Dell\Downloads\selenium-java-4.8.3\selenium-chromium-driver-4.8.3-sources.jar;C:\Users\Dell\Downloads\selenium-java-4.8.3\selenium-devtools-v85-4.8.3.jar;C:\Users\Dell\Downloads\selenium-java-4.8.3\selenium-devtools-v85-4.8.3-sources.jar;C:\Users\Dell\Downloads\selenium-java-4.8.3\selenium-devtools-v109-4.8.3.jar;C:\Users\Dell\Downloads\selenium-java-4.8.3\selenium-devtools-v109-4.8.3-sources.jar;C:\Users\Dell\Downloads\selenium-java-4.8.3\selenium-devtools-v110-4.8.3.jar;C:\Users\Dell\Downloads\selenium-java-4.8.3\selenium-devtools-v110-4.8.3-sources.jar;C:\Users\Dell\Downloads\selenium-java-4.8.3\selenium-devtools-v111-4.8.3.jar;C:\Users\Dell\Downloads\selenium-java-4.8.3\selenium-devtools-v111-4.8.3-sources.jar;C:\Users\Dell\Downloads\selenium-java-4.8.3\selenium-edge-driver-4.8.3.jar;C:\Users\Dell\Downloads\selenium-java-4.8.3\selenium-edge-driver-4.8.3-sources.jar;C:\Users\Dell\Downloads\selenium-java-4.8.3\selenium-firefox-driver-4.8.3.jar;C:\Users\Dell\Downloads\selenium-java-4.8.3\selenium-firefox-driver-4.8.3-sources.jar;C:\Users\Dell\Downloads\selenium-java-4.8.3\selenium-http-4.8.3.jar;C:\Users\Dell\Downloads\selenium-java-4.8.3\selenium-http-4.8.3-sources.jar;C:\Users\Dell\Downloads\selenium-java-4.8.3\selenium-ie-driver-4.8.3.jar;C:\Users\Dell\Downloads\selenium-java-4.8.3\selenium-ie-driver-4.8.3-sources.jar;C:\Users\Dell\Downloads\selenium-java-4.8.3\selenium-java-4.8.3.jar;C:\Users\Dell\Downloads\selenium-java-4.8.3\selenium-java-4.8.3-sources.jar;C:\Users\Dell\Downloads\selenium-java-4.8.3\selenium-json-4.8.3.jar;C:\Users\Dell\Downloads\selenium-java-4.8.3\selenium-json-4.8.3-sources.jar;C:\Users\Dell\Downloads\selenium-java-4.8.3\selenium-manager-4.8.3.jar;C:\Users\Dell\Downloads\selenium-java-4.8.3\selenium-manager-4.8.3-sources.jar;C:\Users\Dell\Downloads\selenium-java-4.8.3\selenium-remote-driver-4.8.3.jar;C:\Users\Dell\Downloads\selenium-java-4.8.3\selenium-remote-driver-4.8.3-sources.jar;C:\Users\Dell\Downloads\selenium-java-4.8.3\selenium-safari-driver-4.8.3.jar;C:\Users\Dell\Downloads\selenium-java-4.8.3\selenium-safari-driver-4.8.3-sources.jar;C:\Users\Dell\Downloads\selenium-java-4.8.3\selenium-support-4.8.3.jar;C:\Users\Dell\Downloads\selenium-java-4.8.3\selenium-support-4.8.3-sources.jar;C:\Users\Dell\Downloads\selenium-java-4.8.3\lib\async-http-client-2.12.3.jar;C:\Users\Dell\Downloads\selenium-java-4.8.3\lib\async-http-client-netty-utils-2.12.3.jar;C:\Users\Dell\Downloads\selenium-java-4.8.3\lib\auto-common-1.2.1.jar;C:\Users\Dell\Downloads\selenium-java-4.8.3\lib\auto-service-1.0.1.jar;C:\Users\Dell\Downloads\selenium-java-4.8.3\lib\auto-service-annotations-1.0.1.jar;C:\Users\Dell\Downloads\selenium-java-4.8.3\lib\byte-buddy-1.14.2.jar;C:\Users\Dell\Downloads\selenium-java-4.8.3\lib\checker-qual-3.12.0.jar;C:\Users\Dell\Downloads\selenium-java-4.8.3\lib\commons-exec-1.3.jar;C:\Users\Dell\Downloads\selenium-java-4.8.3\lib\error_prone_annotations-2.11.0.jar;C:\Users\Dell\Downloads\selenium-java-4.8.3\lib\failsafe-3.3.1.jar;C:\Users\Dell\Downloads\selenium-java-4.8.3\lib\failureaccess-1.0.1.jar;C:\Users\Dell\Downloads\selenium-java-4.8.3\lib\guava-31.1-jre.jar;C:\Users\Dell\Downloads\selenium-java-4.8.3\lib\j2objc-annotations-1.3.jar;C:\Users\Dell\Downloads\selenium-java-4.8.3\lib\jakarta.activation-1.2.2.jar;C:\Users\Dell\Downloads\selenium-java-4.8.3\lib\jcommander-1.82.jar;C:\Users\Dell\Downloads\selenium-java-4.8.3\lib\jsr305-3.0.2.jar;C:\Users\Dell\Downloads\selenium-java-4.8.3\lib\jtoml-2.0.0.jar;C:\Users\Dell\Downloads\selenium-java-4.8.3\lib\listenablefuture-9999.0-empty-to-avoid-conflict-with-guava.jar;C:\Users\Dell\Downloads\selenium-java-4.8.3\lib\netty-buffer-4.1.90.Final.jar;C:\Users\Dell\Downloads\selenium-java-4.8.3\lib\netty-codec-4.1.90.Final.jar;C:\Users\Dell\Downloads\selenium-java-4.8.3\lib\netty-codec-http-4.1.90.Final.jar;C:\Users\Dell\Downloads\selenium-java-4.8.3\lib\netty-codec-socks-4.1.90.Final.jar;C:\Users\Dell\Downloads\selenium-java-4.8.3\lib\netty-common-4.1.90.Final.jar;C:\Users\Dell\Downloads\selenium-java-4.8.3\lib\netty-handler-4.1.90.Final.jar;C:\Users\Dell\Downloads\selenium-java-4.8.3\lib\netty-handler-proxy-4.1.90.Final.jar;C:\Users\Dell\Downloads\selenium-java-4.8.3\lib\netty-reactive-streams-2.0.4.jar;C:\Users\Dell\Downloads\selenium-java-4.8.3\lib\netty-resolver-4.1.90.Final.jar;C:\Users\Dell\Downloads\selenium-java-4.8.3\lib\netty-transport-4.1.90.Final.jar;C:\Users\Dell\Downloads\selenium-java-4.8.3\lib\netty-transport-classes-epoll-4.1.90.Final.jar;C:\Users\Dell\Downloads\selenium-java-4.8.3\lib\netty-transport-classes-kqueue-4.1.90.Final.jar;C:\Users\Dell\Downloads\selenium-java-4.8.3\lib\netty-transport-native-epoll-4.1.90.Final.jar;C:\Users\Dell\Downloads\selenium-java-4.8.3\lib\netty-transport-native-kqueue-4.1.90.Final.jar;C:\Users\Dell\Downloads\selenium-java-4.8.3\lib\netty-transport-native-unix-common-4.1.90.Final.jar;C:\Users\Dell\Downloads\selenium-java-4.8.3\lib\opentelemetry-api-1.24.0.jar;C:\Users\Dell\Downloads\selenium-java-4.8.3\lib\opentelemetry-api-events-1.24.0-alpha.jar;C:\Users\Dell\Downloads\selenium-java-4.8.3\lib\opentelemetry-api-logs-1.24.0-alpha.jar;C:\Users\Dell\Downloads\selenium-java-4.8.3\lib\opentelemetry-context-1.24.0.jar;C:\Users\Dell\Downloads\selenium-java-4.8.3\lib\opentelemetry-exporter-logging-1.24.0.jar;C:\Users\Dell\Downloads\selenium-java-4.8.3\lib\opentelemetry-sdk-1.24.0.jar;C:\Users\Dell\Downloads\selenium-java-4.8.3\lib\opentelemetry-sdk-common-1.24.0.jar;C:\Users\Dell\Downloads\selenium-java-4.8.3\lib\opentelemetry-sdk-extension-autoconfigure-1.24.0-alpha.jar;C:\Users\Dell\Downloads\selenium-java-4.8.3\lib\opentelemetry-sdk-extension-autoconfigure-spi-1.24.0.jar;C:\Users\Dell\Downloads\selenium-java-4.8.3\lib\opentelemetry-sdk-logs-1.24.0-alpha.jar;C:\Users\Dell\Downloads\selenium-java-4.8.3\lib\opentelemetry-sdk-metrics-1.24.0.jar;C:\Users\Dell\Downloads\selenium-java-4.8.3\lib\opentelemetry-sdk-trace-1.24.0.jar;C:\Users\Dell\Downloads\selenium-java-4.8.3\lib\opentelemetry-semconv-1.24.0-alpha.jar;C:\Users\Dell\Downloads\selenium-java-4.8.3\lib\reactive-streams-1.0.4.jar;C:\Users\Dell\Downloads\selenium-java-4.8.3\lib\slf4j-api-2.0.7.jar;C:\Users\Dell\Downloads\jar_files\commons-codec-1.15.jar;C:\Users\Dell\Downloads\jar_files\commons-collections4-4.4.jar;C:\Users\Dell\Downloads\jar_files\commons-compress-1.21.jar;C:\Users\Dell\Downloads\jar_files\commons-io-2.11.0.jar;C:\Users\Dell\Downloads\jar_files\commons-math3-3.6.1.jar;C:\Users\Dell\Downloads\jar_files\curvesapi-1.06.jar;C:\Users\Dell\Downloads\jar_files\log4j-api-2.14.1.jar;C:\Users\Dell\Downloads\jar_files\log4j-core-2.14.1.jar;C:\Users\Dell\Downloads\jar_files\poi-5.1.0.jar;C:\Users\Dell\Downloads\jar_files\poi-examples-5.1.0.jar;C:\Users\Dell\Downloads\jar_files\poi-ooxml-5.1.0.jar;C:\Users\Dell\Downloads\jar_files\poi-ooxml-lite-5.1.0.jar;C:\Users\Dell\Downloads\jar_files\poi-scratchpad-5.1.0.jar;C:\Users\Dell\Downloads\jar_files\SparseBitSet-1.2.jar;C:\Users\Dell\Downloads\jar_files\xmlbeans-5.0.2.jar;C:\Users\Dell\Downloads\eclipse-jee-photon-R-win32-x86_64\eclipse\plugins\org.testng_7.4.0.r202105021533.jar;C:\Users\Dell\Downloads\eclipse-jee-photon-R-win32-x86_64\eclipse\plugins\com.beust.jcommander_1.78.0.jar;C:\Users\Dell\Downloads\eclipse-jee-photon-R-win32-x86_64\eclipse\plugins\org.apache-extras.beanshell.bsh_2.0.0.b6.jar;C:\Users\Dell\Downloads\eclipse-jee-photon-R-win32-x86_64\eclipse\plugins\org.yaml.snakeyaml_1.21.0.jar;C:\Users\Dell\Downloads\eclipse-jee-photon-R-win32-x86_64\eclipse\plugins\org.webjars.jquery_3.5.1.jar
Launcher Type: SUN_STANDARD

[Global flags]
     intx CICompilerCount                          = 3                                         {product} {ergonomic}
     uint ConcGCThreads                            = 1                                         {product} {ergonomic}
     uint G1ConcRefinementThreads                  = 4                                         {product} {ergonomic}
   size_t G1HeapRegionSize                         = 1048576                                   {product} {ergonomic}
    uintx GCDrainStackTargetSize                   = 64                                        {product} {ergonomic}
   size_t InitialHeapSize                          = 65011712                                  {product} {ergonomic}
   size_t MarkStackSize                            = 4194304                                   {product} {ergonomic}
   size_t MaxHeapSize                              = 1040187392                                {product} {ergonomic}
   size_t MaxNewSize                               = 623902720                                 {product} {ergonomic}
   size_t MinHeapDeltaBytes                        = 1048576                                   {product} {ergonomic}
   size_t MinHeapSize                              = 8388608                                   {product} {ergonomic}
    uintx NonNMethodCodeHeapSize                   = 5832780                                {pd product} {ergonomic}
    uintx NonProfiledCodeHeapSize                  = 122912730                              {pd product} {ergonomic}
    uintx ProfiledCodeHeapSize                     = 122912730                              {pd product} {ergonomic}
    uintx ReservedCodeCacheSize                    = 251658240                              {pd product} {ergonomic}
     bool SegmentedCodeCache                       = true                                      {product} {ergonomic}
   size_t SoftMaxHeapSize                          = 1040187392                             {manageable} {ergonomic}
     bool UseCompressedClassPointers               = true                           {product lp64_product} {ergonomic}
     bool UseCompressedOops                        = true                           {product lp64_product} {ergonomic}
     bool UseG1GC                                  = true                                      {product} {ergonomic}
     bool UseLargePagesIndividualAllocation        = false                                  {pd product} {ergonomic}

Logging:
Log output configuration:
 #0: stdout all=warning uptime,level,tags foldmultilines=false
 #1: stderr all=off uptime,level,tags foldmultilines=false

Environment Variables:
PATH=C:\app\Dell\product\21c\dbhomeXE\bin;C:\Program Files\Common Files\Oracle\Java\javapath;C:\Windows\system32;C:\Windows;C:\Windows\System32\Wbem;C:\Windows\System32\WindowsPowerShell\v1.0\;C:\Windows\System32\OpenSSH\;C:\Program Files\nodejs\;C:\Users\Dell\AppData\Local\Microsoft\WindowsApps;C:\Program Files\Java\jdk-19\;C:\Users\Dell\AppData\Roaming\npm
USERNAME=Dell
OS=Windows_NT
PROCESSOR_IDENTIFIER=Intel64 Family 6 Model 142 Stepping 9, GenuineIntel
TMP=C:\Users\Dell\AppData\Local\Temp
TEMP=C:\Users\Dell\AppData\Local\Temp



---------------  S Y S T E M  ---------------

OS:
 Windows 10 , 64 bit Build 19041 (10.0.19041.3031)
OS uptime: 10 days 8:40 hours

CPU: total 4 (initial active 4) (2 cores per cpu, 2 threads per core) family 6 model 142 stepping 9 microcode 0xb4, cx8, cmov, fxsr, ht, mmx, 3dnowpref, sse, sse2, sse3, ssse3, sse4.1, sse4.2, popcnt, lzcnt, tsc, tscinvbit, avx, avx2, aes, erms, clmul, bmi1, bmi2, adx, fma, vzeroupper, clflush, clflushopt, rdtscp

Memory: 4k page, system-wide physical 3961M (202M free)
TotalPageFile size 16249M (AvailPageFile size 113M)
current process WorkingSet (physical memory assigned to process): 131M, peak: 146M
current process commit charge ("private bytes"): 210M, peak: 214M

vm_info: Java HotSpot(TM) 64-Bit Server VM (19.0.2+7-44) for windows-amd64 JRE (19.0.2+7-44), built on 2022-11-30T18:02:09Z by "mach5one" with MS VC++ 17.1 (VS2022)

END.
